<?xml version="1.0" encoding="UTF-8"?>
<testsuite name="com.gymcrm.gym_crm_spring.controller.TraineeControllerIntegrationTest" tests="15" skipped="0" failures="0" errors="0" timestamp="2025-10-19T07:02:25.988Z" hostname="BAKHTIYAR" time="6.131">
  <properties/>
  <testcase name="PUT /api/trainee/trainers — fail on invalid trainer" classname="com.gymcrm.gym_crm_spring.controller.TraineeControllerIntegrationTest" time="0.426"/>
  <testcase name="PUT /api/trainee/trainers — update Trainee trainer list successfully" classname="com.gymcrm.gym_crm_spring.controller.TraineeControllerIntegrationTest" time="0.41"/>
  <testcase name="PATCH /api/trainee/activate — activate Trainee successfully" classname="com.gymcrm.gym_crm_spring.controller.TraineeControllerIntegrationTest" time="0.4"/>
  <testcase name="PATCH /api/trainee/activate — fail on invalid token" classname="com.gymcrm.gym_crm_spring.controller.TraineeControllerIntegrationTest" time="0.392"/>
  <testcase name="PUT /api/trainee/profile — update Trainee profile successfully" classname="com.gymcrm.gym_crm_spring.controller.TraineeControllerIntegrationTest" time="0.407"/>
  <testcase name="GET /api/trainee/trainings — no trainings found" classname="com.gymcrm.gym_crm_spring.controller.TraineeControllerIntegrationTest" time="0.397"/>
  <testcase name="GET /api/trainee/profile — fail on invalid token" classname="com.gymcrm.gym_crm_spring.controller.TraineeControllerIntegrationTest" time="0.385"/>
  <testcase name="DELETE /api/trainee/profile — fail on invalid token" classname="com.gymcrm.gym_crm_spring.controller.TraineeControllerIntegrationTest" time="0.387"/>
  <testcase name="GET /api/trainee/profile — fail on missing token" classname="com.gymcrm.gym_crm_spring.controller.TraineeControllerIntegrationTest" time="0.384"/>
  <testcase name="GET /api/trainee/trainings — get Trainee trainings with filters" classname="com.gymcrm.gym_crm_spring.controller.TraineeControllerIntegrationTest" time="0.569"/>
  <testcase name="GET /api/trainee/profile — fail on wrong role (trainer token)" classname="com.gymcrm.gym_crm_spring.controller.TraineeControllerIntegrationTest" time="0.396"/>
  <testcase name="GET /api/trainee/profile — get Trainee profile successfully" classname="com.gymcrm.gym_crm_spring.controller.TraineeControllerIntegrationTest" time="0.396"/>
  <testcase name="GET /api/trainee/trainings — get Trainee trainings successfully" classname="com.gymcrm.gym_crm_spring.controller.TraineeControllerIntegrationTest" time="0.391"/>
  <testcase name="DELETE /api/trainee/profile — delete Trainee profile successfully" classname="com.gymcrm.gym_crm_spring.controller.TraineeControllerIntegrationTest" time="0.398"/>
  <testcase name="PUT /api/trainee/profile — fail on invalid token" classname="com.gymcrm.gym_crm_spring.controller.TraineeControllerIntegrationTest" time="0.382"/>
  <system-out><![CDATA[2025-10-19 10:02:25 [Test worker] INFO  o.s.t.c.s.AnnotationConfigContextLoaderUtils - [tx:] Could not detect default configuration classes for test class [com.gymcrm.gym_crm_spring.controller.TraineeControllerIntegrationTest]: TraineeControllerIntegrationTest does not declare any static, non-private, non-final, nested classes annotated with @Configuration.
2025-10-19 10:02:25 [Test worker] INFO  o.s.b.t.c.SpringBootTestContextBootstrapper - [tx:] Found @SpringBootConfiguration com.gymcrm.gym_crm_spring.GymCrmSpringApplication for test class com.gymcrm.gym_crm_spring.controller.TraineeControllerIntegrationTest
2025-10-19 10:02:25 [Test worker] DEBUG org.hibernate.SQL - [tx:] select tt1_0.id,tt1_0.training_type_name from training_type tt1_0 where tt1_0.training_type_name=?
2025-10-19 10:02:25 [Test worker] DEBUG org.hibernate.SQL - [tx:] select u1_0.id,u1_0.is_active,u1_0.first_name,u1_0.last_name,u1_0.password,u1_0.username from users u1_0
2025-10-19 10:02:25 [Test worker] DEBUG org.hibernate.SQL - [tx:] select t1_0.id,t1_0.address,t1_0.date_of_birth from trainee t1_0
2025-10-19 10:02:25 [Test worker] DEBUG org.hibernate.SQL - [tx:] select t1_0.id,t1_0.specialization_id from trainer t1_0
2025-10-19 10:02:25 [Test worker] DEBUG org.hibernate.SQL - [tx:] select t1_0.id,t1_0.trainee_id,t1_0.trainer_id,t1_0.training_date,t1_0.training_duration,t1_0.training_name,t1_0.training_type_id from training t1_0
2025-10-19 10:02:26 [Test worker] DEBUG org.hibernate.SQL - [tx:b15eadc2-b9de-4c76-8f21-0e02281c6956] select t1_0.id,t1_0.address,t1_0.date_of_birth from trainee t1_0 join users u1_0 on u1_0.id=t1_0.id where lower(u1_0.first_name)=? and lower(u1_0.last_name)=?
2025-10-19 10:02:26 [Test worker] DEBUG org.hibernate.SQL - [tx:b15eadc2-b9de-4c76-8f21-0e02281c6956] select t1_0.id,t1_0.specialization_id from trainer t1_0 join users u1_0 on u1_0.id=t1_0.id where lower(u1_0.first_name)=? and lower(u1_0.last_name)=?
2025-10-19 10:02:26 [Test worker] DEBUG org.hibernate.SQL - [tx:b15eadc2-b9de-4c76-8f21-0e02281c6956] select u1_0.id,u1_0.is_active,u1_0.first_name,u1_0.last_name,u1_0.password,u1_0.username from users u1_0
2025-10-19 10:02:26 [Test worker] DEBUG org.hibernate.SQL - [tx:1f3a5dc0-f2f9-4cf8-b219-b137a97e442b] insert into training_type (training_type_name,id) values (?,?)
2025-10-19 10:02:26 [Test worker] DEBUG org.hibernate.SQL - [tx:1f3a5dc0-f2f9-4cf8-b219-b137a97e442b] insert into users (is_active,first_name,last_name,password,username,id) values (?,?,?,?,?,?)
2025-10-19 10:02:26 [Test worker] DEBUG org.hibernate.SQL - [tx:1f3a5dc0-f2f9-4cf8-b219-b137a97e442b] insert into trainee (address,date_of_birth,id) values (?,?,?)
2025-10-19 10:02:26 [Test worker] DEBUG org.hibernate.SQL - [tx:1f3a5dc0-f2f9-4cf8-b219-b137a97e442b] select u1_0.id,u1_0.is_active,u1_0.first_name,u1_0.last_name,u1_0.password,u1_0.username from users u1_0 where lower(u1_0.username)=?
2025-10-19 10:02:26 [Test worker] DEBUG org.hibernate.SQL - [tx:a17c8cfb-c2ba-419b-a03e-3b35a98af324] select t1_0.id,t1_0.address,t1_0.date_of_birth from trainee t1_0 join users u1_0 on u1_0.id=t1_0.id where lower(u1_0.first_name)=? and lower(u1_0.last_name)=?
2025-10-19 10:02:26 [Test worker] DEBUG org.hibernate.SQL - [tx:a17c8cfb-c2ba-419b-a03e-3b35a98af324] select t1_0.id,t1_0.specialization_id from trainer t1_0 join users u1_0 on u1_0.id=t1_0.id where lower(u1_0.first_name)=? and lower(u1_0.last_name)=?
2025-10-19 10:02:26 [Test worker] DEBUG org.hibernate.SQL - [tx:a17c8cfb-c2ba-419b-a03e-3b35a98af324] select tt1_0.id,tt1_0.training_type_name from training_type tt1_0 where tt1_0.training_type_name=?
2025-10-19 10:02:26 [Test worker] DEBUG org.hibernate.SQL - [tx:a17c8cfb-c2ba-419b-a03e-3b35a98af324] select u1_0.id,u1_0.is_active,u1_0.first_name,u1_0.last_name,u1_0.password,u1_0.username from users u1_0
2025-10-19 10:02:26 [Test worker] DEBUG org.hibernate.SQL - [tx:1c5278ca-e67f-4e67-be2c-24cc46e15eec] insert into users (is_active,first_name,last_name,password,username,id) values (?,?,?,?,?,?)
2025-10-19 10:02:26 [Test worker] DEBUG org.hibernate.SQL - [tx:1c5278ca-e67f-4e67-be2c-24cc46e15eec] insert into trainer (specialization_id,id) values (?,?)
2025-10-19 10:02:26 [Test worker] DEBUG org.hibernate.SQL - [tx:1c5278ca-e67f-4e67-be2c-24cc46e15eec] select u1_0.id,u1_0.is_active,u1_0.first_name,u1_0.last_name,u1_0.password,u1_0.username from users u1_0 where lower(u1_0.username)=?
2025-10-19 10:02:26 [Test worker] DEBUG org.hibernate.SQL - [tx:25642bdc-ec45-453e-a27c-37c6300b681e] select distinct t1_0.id,t1_0.address,at1_0.trainee_id,at1_1.id,at1_1.specialization_id,s1_0.id,s1_0.training_type_name,u2_0.id,u2_0.is_active,u2_0.first_name,u2_0.last_name,u2_0.password,u2_0.username,t1_0.date_of_birth,u1_0.id,u1_0.is_active,u1_0.first_name,u1_0.last_name,u1_0.password,u1_0.username from trainee t1_0 left join users u1_0 on u1_0.id=t1_0.id left join trainer_trainee at1_0 on t1_0.id=at1_0.trainee_id left join trainer at1_1 on at1_1.id=at1_0.trainer_id left join users u2_0 on u2_0.id=at1_1.id left join training_type s1_0 on s1_0.id=at1_1.specialization_id where lower(u1_0.username)=?
2025-10-19 10:02:26 [Test worker] DEBUG org.hibernate.SQL - [tx:25642bdc-ec45-453e-a27c-37c6300b681e] select t1_0.id,t1_0.specialization_id from trainer t1_0 join users u1_0 on u1_0.id=t1_0.id where lower(u1_0.username)=?
2025-10-19 10:02:26 [Test worker] DEBUG org.hibernate.SQL - [tx:] select distinct t1_0.id,t1_0.address,at1_0.trainee_id,at1_1.id,at1_1.specialization_id,s1_0.id,s1_0.training_type_name,u2_0.id,u2_0.is_active,u2_0.first_name,u2_0.last_name,u2_0.password,u2_0.username,t1_0.date_of_birth,u1_0.id,u1_0.is_active,u1_0.first_name,u1_0.last_name,u1_0.password,u1_0.username from trainee t1_0 left join users u1_0 on u1_0.id=t1_0.id left join trainer_trainee at1_0 on t1_0.id=at1_0.trainee_id left join trainer at1_1 on at1_1.id=at1_0.trainer_id left join users u2_0 on u2_0.id=at1_1.id left join training_type s1_0 on s1_0.id=at1_1.specialization_id where lower(u1_0.username)=?
2025-10-19 10:02:26 [Test worker] DEBUG org.hibernate.SQL - [tx:] select tt1_0.id,tt1_0.training_type_name from training_type tt1_0 where tt1_0.training_type_name=?
2025-10-19 10:02:26 [Test worker] DEBUG org.hibernate.SQL - [tx:] select u1_0.id,u1_0.is_active,u1_0.first_name,u1_0.last_name,u1_0.password,u1_0.username from users u1_0
2025-10-19 10:02:26 [Test worker] DEBUG org.hibernate.SQL - [tx:] select t1_0.id,t1_0.address,t1_0.date_of_birth from trainee t1_0
2025-10-19 10:02:26 [Test worker] DEBUG org.hibernate.SQL - [tx:] select t1_0.id,t1_0.specialization_id from trainer t1_0
2025-10-19 10:02:26 [Test worker] DEBUG org.hibernate.SQL - [tx:] select t1_0.id,t1_0.trainee_id,t1_0.trainer_id,t1_0.training_date,t1_0.training_duration,t1_0.training_name,t1_0.training_type_id from training t1_0
2025-10-19 10:02:26 [Test worker] DEBUG org.hibernate.SQL - [tx:3b202ae1-f4d5-4901-9ac9-dc52c2fef05a] select t1_0.id,t1_0.address,t1_0.date_of_birth from trainee t1_0 join users u1_0 on u1_0.id=t1_0.id where lower(u1_0.first_name)=? and lower(u1_0.last_name)=?
2025-10-19 10:02:26 [Test worker] DEBUG org.hibernate.SQL - [tx:3b202ae1-f4d5-4901-9ac9-dc52c2fef05a] select t1_0.id,t1_0.specialization_id from trainer t1_0 join users u1_0 on u1_0.id=t1_0.id where lower(u1_0.first_name)=? and lower(u1_0.last_name)=?
2025-10-19 10:02:26 [Test worker] DEBUG org.hibernate.SQL - [tx:3b202ae1-f4d5-4901-9ac9-dc52c2fef05a] select u1_0.id,u1_0.is_active,u1_0.first_name,u1_0.last_name,u1_0.password,u1_0.username from users u1_0
2025-10-19 10:02:26 [Test worker] DEBUG org.hibernate.SQL - [tx:7bc45bb8-c533-4f76-bcd6-439dcbab328d] insert into training_type (training_type_name,id) values (?,?)
2025-10-19 10:02:26 [Test worker] DEBUG org.hibernate.SQL - [tx:7bc45bb8-c533-4f76-bcd6-439dcbab328d] insert into users (is_active,first_name,last_name,password,username,id) values (?,?,?,?,?,?)
2025-10-19 10:02:26 [Test worker] DEBUG org.hibernate.SQL - [tx:7bc45bb8-c533-4f76-bcd6-439dcbab328d] insert into trainee (address,date_of_birth,id) values (?,?,?)
2025-10-19 10:02:26 [Test worker] DEBUG org.hibernate.SQL - [tx:7bc45bb8-c533-4f76-bcd6-439dcbab328d] select u1_0.id,u1_0.is_active,u1_0.first_name,u1_0.last_name,u1_0.password,u1_0.username from users u1_0 where lower(u1_0.username)=?
2025-10-19 10:02:26 [Test worker] DEBUG org.hibernate.SQL - [tx:269ebc31-1103-4d6f-a6a2-782101198eca] select t1_0.id,t1_0.address,t1_0.date_of_birth from trainee t1_0 join users u1_0 on u1_0.id=t1_0.id where lower(u1_0.first_name)=? and lower(u1_0.last_name)=?
2025-10-19 10:02:26 [Test worker] DEBUG org.hibernate.SQL - [tx:269ebc31-1103-4d6f-a6a2-782101198eca] select t1_0.id,t1_0.specialization_id from trainer t1_0 join users u1_0 on u1_0.id=t1_0.id where lower(u1_0.first_name)=? and lower(u1_0.last_name)=?
2025-10-19 10:02:26 [Test worker] DEBUG org.hibernate.SQL - [tx:269ebc31-1103-4d6f-a6a2-782101198eca] select tt1_0.id,tt1_0.training_type_name from training_type tt1_0 where tt1_0.training_type_name=?
2025-10-19 10:02:26 [Test worker] DEBUG org.hibernate.SQL - [tx:269ebc31-1103-4d6f-a6a2-782101198eca] select u1_0.id,u1_0.is_active,u1_0.first_name,u1_0.last_name,u1_0.password,u1_0.username from users u1_0
2025-10-19 10:02:26 [Test worker] DEBUG org.hibernate.SQL - [tx:fd6d813a-e4a3-4cef-830c-8650308bb21c] insert into users (is_active,first_name,last_name,password,username,id) values (?,?,?,?,?,?)
2025-10-19 10:02:26 [Test worker] DEBUG org.hibernate.SQL - [tx:fd6d813a-e4a3-4cef-830c-8650308bb21c] insert into trainer (specialization_id,id) values (?,?)
2025-10-19 10:02:26 [Test worker] DEBUG org.hibernate.SQL - [tx:fd6d813a-e4a3-4cef-830c-8650308bb21c] select u1_0.id,u1_0.is_active,u1_0.first_name,u1_0.last_name,u1_0.password,u1_0.username from users u1_0 where lower(u1_0.username)=?
2025-10-19 10:02:26 [Test worker] DEBUG org.hibernate.SQL - [tx:ae2d6b13-427f-4c8b-8e30-5f1b7b7e71e7] select distinct t1_0.id,t1_0.address,at1_0.trainee_id,at1_1.id,at1_1.specialization_id,s1_0.id,s1_0.training_type_name,u2_0.id,u2_0.is_active,u2_0.first_name,u2_0.last_name,u2_0.password,u2_0.username,t1_0.date_of_birth,u1_0.id,u1_0.is_active,u1_0.first_name,u1_0.last_name,u1_0.password,u1_0.username from trainee t1_0 left join users u1_0 on u1_0.id=t1_0.id left join trainer_trainee at1_0 on t1_0.id=at1_0.trainee_id left join trainer at1_1 on at1_1.id=at1_0.trainer_id left join users u2_0 on u2_0.id=at1_1.id left join training_type s1_0 on s1_0.id=at1_1.specialization_id where lower(u1_0.username)=?
2025-10-19 10:02:26 [Test worker] DEBUG org.hibernate.SQL - [tx:ae2d6b13-427f-4c8b-8e30-5f1b7b7e71e7] select t1_0.id,t1_0.specialization_id from trainer t1_0 join users u1_0 on u1_0.id=t1_0.id where lower(u1_0.username)=?
2025-10-19 10:02:26 [Test worker] DEBUG org.hibernate.SQL - [tx:] select distinct t1_0.id,t1_0.address,at1_0.trainee_id,at1_1.id,at1_1.specialization_id,s1_0.id,s1_0.training_type_name,u2_0.id,u2_0.is_active,u2_0.first_name,u2_0.last_name,u2_0.password,u2_0.username,t1_0.date_of_birth,u1_0.id,u1_0.is_active,u1_0.first_name,u1_0.last_name,u1_0.password,u1_0.username from trainee t1_0 left join users u1_0 on u1_0.id=t1_0.id left join trainer_trainee at1_0 on t1_0.id=at1_0.trainee_id left join trainer at1_1 on at1_1.id=at1_0.trainer_id left join users u2_0 on u2_0.id=at1_1.id left join training_type s1_0 on s1_0.id=at1_1.specialization_id where lower(u1_0.username)=?
2025-10-19 10:02:26 [Test worker] DEBUG org.hibernate.SQL - [tx:] select tt1_0.id,tt1_0.training_type_name from training_type tt1_0 where tt1_0.training_type_name=?
2025-10-19 10:02:26 [Test worker] DEBUG org.hibernate.SQL - [tx:] select u1_0.id,u1_0.is_active,u1_0.first_name,u1_0.last_name,u1_0.password,u1_0.username from users u1_0
2025-10-19 10:02:26 [Test worker] DEBUG org.hibernate.SQL - [tx:] select t1_0.id,t1_0.address,t1_0.date_of_birth from trainee t1_0
2025-10-19 10:02:26 [Test worker] DEBUG org.hibernate.SQL - [tx:] select t1_0.id,t1_0.specialization_id from trainer t1_0
2025-10-19 10:02:26 [Test worker] DEBUG org.hibernate.SQL - [tx:] select t1_0.id,t1_0.trainee_id,t1_0.trainer_id,t1_0.training_date,t1_0.training_duration,t1_0.training_name,t1_0.training_type_id from training t1_0
2025-10-19 10:02:26 [Test worker] DEBUG org.hibernate.SQL - [tx:d7372aa4-8e6b-477e-be6f-34154f642a17] select t1_0.id,t1_0.address,t1_0.date_of_birth from trainee t1_0 join users u1_0 on u1_0.id=t1_0.id where lower(u1_0.first_name)=? and lower(u1_0.last_name)=?
2025-10-19 10:02:26 [Test worker] DEBUG org.hibernate.SQL - [tx:d7372aa4-8e6b-477e-be6f-34154f642a17] select t1_0.id,t1_0.specialization_id from trainer t1_0 join users u1_0 on u1_0.id=t1_0.id where lower(u1_0.first_name)=? and lower(u1_0.last_name)=?
2025-10-19 10:02:26 [Test worker] DEBUG org.hibernate.SQL - [tx:d7372aa4-8e6b-477e-be6f-34154f642a17] select u1_0.id,u1_0.is_active,u1_0.first_name,u1_0.last_name,u1_0.password,u1_0.username from users u1_0
2025-10-19 10:02:26 [Test worker] DEBUG org.hibernate.SQL - [tx:76fd1169-d0df-4ae9-aea9-7513e239e364] insert into training_type (training_type_name,id) values (?,?)
2025-10-19 10:02:26 [Test worker] DEBUG org.hibernate.SQL - [tx:76fd1169-d0df-4ae9-aea9-7513e239e364] insert into users (is_active,first_name,last_name,password,username,id) values (?,?,?,?,?,?)
2025-10-19 10:02:26 [Test worker] DEBUG org.hibernate.SQL - [tx:76fd1169-d0df-4ae9-aea9-7513e239e364] insert into trainee (address,date_of_birth,id) values (?,?,?)
2025-10-19 10:02:26 [Test worker] DEBUG org.hibernate.SQL - [tx:76fd1169-d0df-4ae9-aea9-7513e239e364] select u1_0.id,u1_0.is_active,u1_0.first_name,u1_0.last_name,u1_0.password,u1_0.username from users u1_0 where lower(u1_0.username)=?
2025-10-19 10:02:27 [Test worker] DEBUG org.hibernate.SQL - [tx:c0f0c1de-5023-4323-a1ed-9f918ed60bb7] select t1_0.id,t1_0.address,t1_0.date_of_birth from trainee t1_0 join users u1_0 on u1_0.id=t1_0.id where lower(u1_0.first_name)=? and lower(u1_0.last_name)=?
2025-10-19 10:02:27 [Test worker] DEBUG org.hibernate.SQL - [tx:c0f0c1de-5023-4323-a1ed-9f918ed60bb7] select t1_0.id,t1_0.specialization_id from trainer t1_0 join users u1_0 on u1_0.id=t1_0.id where lower(u1_0.first_name)=? and lower(u1_0.last_name)=?
2025-10-19 10:02:27 [Test worker] DEBUG org.hibernate.SQL - [tx:c0f0c1de-5023-4323-a1ed-9f918ed60bb7] select tt1_0.id,tt1_0.training_type_name from training_type tt1_0 where tt1_0.training_type_name=?
2025-10-19 10:02:27 [Test worker] DEBUG org.hibernate.SQL - [tx:c0f0c1de-5023-4323-a1ed-9f918ed60bb7] select u1_0.id,u1_0.is_active,u1_0.first_name,u1_0.last_name,u1_0.password,u1_0.username from users u1_0
2025-10-19 10:02:27 [Test worker] DEBUG org.hibernate.SQL - [tx:66081dd8-2b40-499f-a15c-41bc00a5e70b] insert into users (is_active,first_name,last_name,password,username,id) values (?,?,?,?,?,?)
2025-10-19 10:02:27 [Test worker] DEBUG org.hibernate.SQL - [tx:66081dd8-2b40-499f-a15c-41bc00a5e70b] insert into trainer (specialization_id,id) values (?,?)
2025-10-19 10:02:27 [Test worker] DEBUG org.hibernate.SQL - [tx:66081dd8-2b40-499f-a15c-41bc00a5e70b] select u1_0.id,u1_0.is_active,u1_0.first_name,u1_0.last_name,u1_0.password,u1_0.username from users u1_0 where lower(u1_0.username)=?
2025-10-19 10:02:27 [Test worker] DEBUG org.hibernate.SQL - [tx:2408346c-9f7e-4ae6-9346-08423ce89d1d] select distinct t1_0.id,t1_0.address,at1_0.trainee_id,at1_1.id,at1_1.specialization_id,s1_0.id,s1_0.training_type_name,u2_0.id,u2_0.is_active,u2_0.first_name,u2_0.last_name,u2_0.password,u2_0.username,t1_0.date_of_birth,u1_0.id,u1_0.is_active,u1_0.first_name,u1_0.last_name,u1_0.password,u1_0.username from trainee t1_0 left join users u1_0 on u1_0.id=t1_0.id left join trainer_trainee at1_0 on t1_0.id=at1_0.trainee_id left join trainer at1_1 on at1_1.id=at1_0.trainer_id left join users u2_0 on u2_0.id=at1_1.id left join training_type s1_0 on s1_0.id=at1_1.specialization_id where lower(u1_0.username)=?
2025-10-19 10:02:27 [Test worker] DEBUG org.hibernate.SQL - [tx:] update users set is_active=?,first_name=?,last_name=?,password=?,username=? where id=?
2025-10-19 10:02:27 [Test worker] DEBUG org.hibernate.SQL - [tx:] select distinct t1_0.id,t1_0.address,at1_0.trainee_id,at1_1.id,at1_1.specialization_id,s1_0.id,s1_0.training_type_name,u2_0.id,u2_0.is_active,u2_0.first_name,u2_0.last_name,u2_0.password,u2_0.username,t1_0.date_of_birth,u1_0.id,u1_0.is_active,u1_0.first_name,u1_0.last_name,u1_0.password,u1_0.username from trainee t1_0 left join users u1_0 on u1_0.id=t1_0.id left join trainer_trainee at1_0 on t1_0.id=at1_0.trainee_id left join trainer at1_1 on at1_1.id=at1_0.trainer_id left join users u2_0 on u2_0.id=at1_1.id left join training_type s1_0 on s1_0.id=at1_1.specialization_id where lower(u1_0.username)=?
2025-10-19 10:02:27 [Test worker] DEBUG org.hibernate.SQL - [tx:] select tt1_0.id,tt1_0.training_type_name from training_type tt1_0 where tt1_0.training_type_name=?
2025-10-19 10:02:27 [Test worker] DEBUG org.hibernate.SQL - [tx:] select u1_0.id,u1_0.is_active,u1_0.first_name,u1_0.last_name,u1_0.password,u1_0.username from users u1_0
2025-10-19 10:02:27 [Test worker] DEBUG org.hibernate.SQL - [tx:] select t1_0.id,t1_0.address,t1_0.date_of_birth from trainee t1_0
2025-10-19 10:02:27 [Test worker] DEBUG org.hibernate.SQL - [tx:] select t1_0.id,t1_0.specialization_id from trainer t1_0
2025-10-19 10:02:27 [Test worker] DEBUG org.hibernate.SQL - [tx:] select t1_0.id,t1_0.trainee_id,t1_0.trainer_id,t1_0.training_date,t1_0.training_duration,t1_0.training_name,t1_0.training_type_id from training t1_0
2025-10-19 10:02:27 [Test worker] DEBUG org.hibernate.SQL - [tx:791f56b1-98d8-42b3-a724-6434c36ebbb6] select t1_0.id,t1_0.address,t1_0.date_of_birth from trainee t1_0 join users u1_0 on u1_0.id=t1_0.id where lower(u1_0.first_name)=? and lower(u1_0.last_name)=?
2025-10-19 10:02:27 [Test worker] DEBUG org.hibernate.SQL - [tx:791f56b1-98d8-42b3-a724-6434c36ebbb6] select t1_0.id,t1_0.specialization_id from trainer t1_0 join users u1_0 on u1_0.id=t1_0.id where lower(u1_0.first_name)=? and lower(u1_0.last_name)=?
2025-10-19 10:02:27 [Test worker] DEBUG org.hibernate.SQL - [tx:791f56b1-98d8-42b3-a724-6434c36ebbb6] select u1_0.id,u1_0.is_active,u1_0.first_name,u1_0.last_name,u1_0.password,u1_0.username from users u1_0
2025-10-19 10:02:27 [Test worker] DEBUG org.hibernate.SQL - [tx:f4d58a12-aaeb-40eb-81aa-a4e5af103f10] insert into training_type (training_type_name,id) values (?,?)
2025-10-19 10:02:27 [Test worker] DEBUG org.hibernate.SQL - [tx:f4d58a12-aaeb-40eb-81aa-a4e5af103f10] insert into users (is_active,first_name,last_name,password,username,id) values (?,?,?,?,?,?)
2025-10-19 10:02:27 [Test worker] DEBUG org.hibernate.SQL - [tx:f4d58a12-aaeb-40eb-81aa-a4e5af103f10] insert into trainee (address,date_of_birth,id) values (?,?,?)
2025-10-19 10:02:27 [Test worker] DEBUG org.hibernate.SQL - [tx:f4d58a12-aaeb-40eb-81aa-a4e5af103f10] select u1_0.id,u1_0.is_active,u1_0.first_name,u1_0.last_name,u1_0.password,u1_0.username from users u1_0 where lower(u1_0.username)=?
2025-10-19 10:02:27 [Test worker] DEBUG org.hibernate.SQL - [tx:0df822c1-13fe-49fb-8576-970e59c67e18] select t1_0.id,t1_0.address,t1_0.date_of_birth from trainee t1_0 join users u1_0 on u1_0.id=t1_0.id where lower(u1_0.first_name)=? and lower(u1_0.last_name)=?
2025-10-19 10:02:27 [Test worker] DEBUG org.hibernate.SQL - [tx:0df822c1-13fe-49fb-8576-970e59c67e18] select t1_0.id,t1_0.specialization_id from trainer t1_0 join users u1_0 on u1_0.id=t1_0.id where lower(u1_0.first_name)=? and lower(u1_0.last_name)=?
2025-10-19 10:02:27 [Test worker] DEBUG org.hibernate.SQL - [tx:0df822c1-13fe-49fb-8576-970e59c67e18] select tt1_0.id,tt1_0.training_type_name from training_type tt1_0 where tt1_0.training_type_name=?
2025-10-19 10:02:27 [Test worker] DEBUG org.hibernate.SQL - [tx:0df822c1-13fe-49fb-8576-970e59c67e18] select u1_0.id,u1_0.is_active,u1_0.first_name,u1_0.last_name,u1_0.password,u1_0.username from users u1_0
2025-10-19 10:02:27 [Test worker] DEBUG org.hibernate.SQL - [tx:6e451669-fe7a-4863-84ab-e9664f770543] insert into users (is_active,first_name,last_name,password,username,id) values (?,?,?,?,?,?)
2025-10-19 10:02:27 [Test worker] DEBUG org.hibernate.SQL - [tx:6e451669-fe7a-4863-84ab-e9664f770543] insert into trainer (specialization_id,id) values (?,?)
2025-10-19 10:02:27 [Test worker] DEBUG org.hibernate.SQL - [tx:6e451669-fe7a-4863-84ab-e9664f770543] select u1_0.id,u1_0.is_active,u1_0.first_name,u1_0.last_name,u1_0.password,u1_0.username from users u1_0 where lower(u1_0.username)=?
2025-10-19 10:02:27 [Test worker] DEBUG org.hibernate.SQL - [tx:] select distinct t1_0.id,t1_0.address,at1_0.trainee_id,at1_1.id,at1_1.specialization_id,s1_0.id,s1_0.training_type_name,u2_0.id,u2_0.is_active,u2_0.first_name,u2_0.last_name,u2_0.password,u2_0.username,t1_0.date_of_birth,u1_0.id,u1_0.is_active,u1_0.first_name,u1_0.last_name,u1_0.password,u1_0.username from trainee t1_0 left join users u1_0 on u1_0.id=t1_0.id left join trainer_trainee at1_0 on t1_0.id=at1_0.trainee_id left join trainer at1_1 on at1_1.id=at1_0.trainer_id left join users u2_0 on u2_0.id=at1_1.id left join training_type s1_0 on s1_0.id=at1_1.specialization_id where lower(u1_0.username)=?
2025-10-19 10:02:27 [Test worker] DEBUG org.hibernate.SQL - [tx:] select tt1_0.id,tt1_0.training_type_name from training_type tt1_0 where tt1_0.training_type_name=?
2025-10-19 10:02:27 [Test worker] DEBUG org.hibernate.SQL - [tx:] select u1_0.id,u1_0.is_active,u1_0.first_name,u1_0.last_name,u1_0.password,u1_0.username from users u1_0
2025-10-19 10:02:27 [Test worker] DEBUG org.hibernate.SQL - [tx:] select t1_0.id,t1_0.address,t1_0.date_of_birth from trainee t1_0
2025-10-19 10:02:27 [Test worker] DEBUG org.hibernate.SQL - [tx:] select t1_0.id,t1_0.specialization_id from trainer t1_0
2025-10-19 10:02:27 [Test worker] DEBUG org.hibernate.SQL - [tx:] select t1_0.id,t1_0.trainee_id,t1_0.trainer_id,t1_0.training_date,t1_0.training_duration,t1_0.training_name,t1_0.training_type_id from training t1_0
2025-10-19 10:02:27 [Test worker] DEBUG org.hibernate.SQL - [tx:a61ff1d9-1c3e-4701-9124-02c15d2da41e] select t1_0.id,t1_0.address,t1_0.date_of_birth from trainee t1_0 join users u1_0 on u1_0.id=t1_0.id where lower(u1_0.first_name)=? and lower(u1_0.last_name)=?
2025-10-19 10:02:27 [Test worker] DEBUG org.hibernate.SQL - [tx:a61ff1d9-1c3e-4701-9124-02c15d2da41e] select t1_0.id,t1_0.specialization_id from trainer t1_0 join users u1_0 on u1_0.id=t1_0.id where lower(u1_0.first_name)=? and lower(u1_0.last_name)=?
2025-10-19 10:02:27 [Test worker] DEBUG org.hibernate.SQL - [tx:a61ff1d9-1c3e-4701-9124-02c15d2da41e] select u1_0.id,u1_0.is_active,u1_0.first_name,u1_0.last_name,u1_0.password,u1_0.username from users u1_0
2025-10-19 10:02:27 [Test worker] DEBUG org.hibernate.SQL - [tx:83d64303-1fea-4b21-8aa3-1f09105920e6] insert into training_type (training_type_name,id) values (?,?)
2025-10-19 10:02:27 [Test worker] DEBUG org.hibernate.SQL - [tx:83d64303-1fea-4b21-8aa3-1f09105920e6] insert into users (is_active,first_name,last_name,password,username,id) values (?,?,?,?,?,?)
2025-10-19 10:02:27 [Test worker] DEBUG org.hibernate.SQL - [tx:83d64303-1fea-4b21-8aa3-1f09105920e6] insert into trainee (address,date_of_birth,id) values (?,?,?)
2025-10-19 10:02:27 [Test worker] DEBUG org.hibernate.SQL - [tx:83d64303-1fea-4b21-8aa3-1f09105920e6] select u1_0.id,u1_0.is_active,u1_0.first_name,u1_0.last_name,u1_0.password,u1_0.username from users u1_0 where lower(u1_0.username)=?
2025-10-19 10:02:27 [Test worker] DEBUG org.hibernate.SQL - [tx:bb2d0490-260a-4f9d-8b2f-59d3425f991f] select t1_0.id,t1_0.address,t1_0.date_of_birth from trainee t1_0 join users u1_0 on u1_0.id=t1_0.id where lower(u1_0.first_name)=? and lower(u1_0.last_name)=?
2025-10-19 10:02:27 [Test worker] DEBUG org.hibernate.SQL - [tx:bb2d0490-260a-4f9d-8b2f-59d3425f991f] select t1_0.id,t1_0.specialization_id from trainer t1_0 join users u1_0 on u1_0.id=t1_0.id where lower(u1_0.first_name)=? and lower(u1_0.last_name)=?
2025-10-19 10:02:27 [Test worker] DEBUG org.hibernate.SQL - [tx:bb2d0490-260a-4f9d-8b2f-59d3425f991f] select tt1_0.id,tt1_0.training_type_name from training_type tt1_0 where tt1_0.training_type_name=?
2025-10-19 10:02:27 [Test worker] DEBUG org.hibernate.SQL - [tx:bb2d0490-260a-4f9d-8b2f-59d3425f991f] select u1_0.id,u1_0.is_active,u1_0.first_name,u1_0.last_name,u1_0.password,u1_0.username from users u1_0
2025-10-19 10:02:27 [Test worker] DEBUG org.hibernate.SQL - [tx:b5c2c855-da85-4790-a45b-9b88de8a8738] insert into users (is_active,first_name,last_name,password,username,id) values (?,?,?,?,?,?)
2025-10-19 10:02:27 [Test worker] DEBUG org.hibernate.SQL - [tx:b5c2c855-da85-4790-a45b-9b88de8a8738] insert into trainer (specialization_id,id) values (?,?)
2025-10-19 10:02:27 [Test worker] DEBUG org.hibernate.SQL - [tx:b5c2c855-da85-4790-a45b-9b88de8a8738] select u1_0.id,u1_0.is_active,u1_0.first_name,u1_0.last_name,u1_0.password,u1_0.username from users u1_0 where lower(u1_0.username)=?
2025-10-19 10:02:28 [Test worker] DEBUG org.hibernate.SQL - [tx:88121b80-e55e-4fc8-ad29-cc208f063e13] select distinct t1_0.id,t1_0.address,at1_0.trainee_id,at1_1.id,at1_1.specialization_id,s1_0.id,s1_0.training_type_name,u2_0.id,u2_0.is_active,u2_0.first_name,u2_0.last_name,u2_0.password,u2_0.username,t1_0.date_of_birth,u1_0.id,u1_0.is_active,u1_0.first_name,u1_0.last_name,u1_0.password,u1_0.username from trainee t1_0 left join users u1_0 on u1_0.id=t1_0.id left join trainer_trainee at1_0 on t1_0.id=at1_0.trainee_id left join trainer at1_1 on at1_1.id=at1_0.trainer_id left join users u2_0 on u2_0.id=at1_1.id left join training_type s1_0 on s1_0.id=at1_1.specialization_id where lower(u1_0.username)=?
2025-10-19 10:02:28 [Test worker] DEBUG org.hibernate.SQL - [tx:] update users set is_active=?,first_name=?,last_name=?,password=?,username=? where id=?
2025-10-19 10:02:28 [Test worker] DEBUG org.hibernate.SQL - [tx:] update trainee set address=?,date_of_birth=? where id=?
2025-10-19 10:02:28 [Test worker] DEBUG org.hibernate.SQL - [tx:] select distinct t1_0.id,t1_0.address,at1_0.trainee_id,at1_1.id,at1_1.specialization_id,s1_0.id,s1_0.training_type_name,u2_0.id,u2_0.is_active,u2_0.first_name,u2_0.last_name,u2_0.password,u2_0.username,t1_0.date_of_birth,u1_0.id,u1_0.is_active,u1_0.first_name,u1_0.last_name,u1_0.password,u1_0.username from trainee t1_0 left join users u1_0 on u1_0.id=t1_0.id left join trainer_trainee at1_0 on t1_0.id=at1_0.trainee_id left join trainer at1_1 on at1_1.id=at1_0.trainer_id left join users u2_0 on u2_0.id=at1_1.id left join training_type s1_0 on s1_0.id=at1_1.specialization_id where lower(u1_0.username)=?
2025-10-19 10:02:28 [Test worker] DEBUG org.hibernate.SQL - [tx:] select tt1_0.id,tt1_0.training_type_name from training_type tt1_0 where tt1_0.training_type_name=?
2025-10-19 10:02:28 [Test worker] DEBUG org.hibernate.SQL - [tx:] select u1_0.id,u1_0.is_active,u1_0.first_name,u1_0.last_name,u1_0.password,u1_0.username from users u1_0
2025-10-19 10:02:28 [Test worker] DEBUG org.hibernate.SQL - [tx:] select t1_0.id,t1_0.address,t1_0.date_of_birth from trainee t1_0
2025-10-19 10:02:28 [Test worker] DEBUG org.hibernate.SQL - [tx:] select t1_0.id,t1_0.specialization_id from trainer t1_0
2025-10-19 10:02:28 [Test worker] DEBUG org.hibernate.SQL - [tx:] select t1_0.id,t1_0.trainee_id,t1_0.trainer_id,t1_0.training_date,t1_0.training_duration,t1_0.training_name,t1_0.training_type_id from training t1_0
2025-10-19 10:02:28 [Test worker] DEBUG org.hibernate.SQL - [tx:5c1c771f-ddb8-4046-81a2-bff9a3bc209e] select t1_0.id,t1_0.address,t1_0.date_of_birth from trainee t1_0 join users u1_0 on u1_0.id=t1_0.id where lower(u1_0.first_name)=? and lower(u1_0.last_name)=?
2025-10-19 10:02:28 [Test worker] DEBUG org.hibernate.SQL - [tx:5c1c771f-ddb8-4046-81a2-bff9a3bc209e] select t1_0.id,t1_0.specialization_id from trainer t1_0 join users u1_0 on u1_0.id=t1_0.id where lower(u1_0.first_name)=? and lower(u1_0.last_name)=?
2025-10-19 10:02:28 [Test worker] DEBUG org.hibernate.SQL - [tx:5c1c771f-ddb8-4046-81a2-bff9a3bc209e] select u1_0.id,u1_0.is_active,u1_0.first_name,u1_0.last_name,u1_0.password,u1_0.username from users u1_0
2025-10-19 10:02:28 [Test worker] DEBUG org.hibernate.SQL - [tx:ccbd54de-09ea-47d7-a2c3-6848ef9d3af1] insert into training_type (training_type_name,id) values (?,?)
2025-10-19 10:02:28 [Test worker] DEBUG org.hibernate.SQL - [tx:ccbd54de-09ea-47d7-a2c3-6848ef9d3af1] insert into users (is_active,first_name,last_name,password,username,id) values (?,?,?,?,?,?)
2025-10-19 10:02:28 [Test worker] DEBUG org.hibernate.SQL - [tx:ccbd54de-09ea-47d7-a2c3-6848ef9d3af1] insert into trainee (address,date_of_birth,id) values (?,?,?)
2025-10-19 10:02:28 [Test worker] DEBUG org.hibernate.SQL - [tx:ccbd54de-09ea-47d7-a2c3-6848ef9d3af1] select u1_0.id,u1_0.is_active,u1_0.first_name,u1_0.last_name,u1_0.password,u1_0.username from users u1_0 where lower(u1_0.username)=?
2025-10-19 10:02:28 [Test worker] DEBUG org.hibernate.SQL - [tx:b71bd249-5ae9-4e00-b30d-a4cf27ecff04] select t1_0.id,t1_0.address,t1_0.date_of_birth from trainee t1_0 join users u1_0 on u1_0.id=t1_0.id where lower(u1_0.first_name)=? and lower(u1_0.last_name)=?
2025-10-19 10:02:28 [Test worker] DEBUG org.hibernate.SQL - [tx:b71bd249-5ae9-4e00-b30d-a4cf27ecff04] select t1_0.id,t1_0.specialization_id from trainer t1_0 join users u1_0 on u1_0.id=t1_0.id where lower(u1_0.first_name)=? and lower(u1_0.last_name)=?
2025-10-19 10:02:28 [Test worker] DEBUG org.hibernate.SQL - [tx:b71bd249-5ae9-4e00-b30d-a4cf27ecff04] select tt1_0.id,tt1_0.training_type_name from training_type tt1_0 where tt1_0.training_type_name=?
2025-10-19 10:02:28 [Test worker] DEBUG org.hibernate.SQL - [tx:b71bd249-5ae9-4e00-b30d-a4cf27ecff04] select u1_0.id,u1_0.is_active,u1_0.first_name,u1_0.last_name,u1_0.password,u1_0.username from users u1_0
2025-10-19 10:02:28 [Test worker] DEBUG org.hibernate.SQL - [tx:e884763c-f88c-4dfd-9792-5375f9921d70] insert into users (is_active,first_name,last_name,password,username,id) values (?,?,?,?,?,?)
2025-10-19 10:02:28 [Test worker] DEBUG org.hibernate.SQL - [tx:e884763c-f88c-4dfd-9792-5375f9921d70] insert into trainer (specialization_id,id) values (?,?)
2025-10-19 10:02:28 [Test worker] DEBUG org.hibernate.SQL - [tx:e884763c-f88c-4dfd-9792-5375f9921d70] select u1_0.id,u1_0.is_active,u1_0.first_name,u1_0.last_name,u1_0.password,u1_0.username from users u1_0 where lower(u1_0.username)=?
2025-10-19 10:02:28 [Test worker] DEBUG org.hibernate.SQL - [tx:49d65e6a-ad78-4a68-afd7-def4cc8ad032] select distinct t1_0.id,t1_0.address,at1_0.trainee_id,at1_1.id,at1_1.specialization_id,s1_0.id,s1_0.training_type_name,u2_0.id,u2_0.is_active,u2_0.first_name,u2_0.last_name,u2_0.password,u2_0.username,t1_0.date_of_birth,u1_0.id,u1_0.is_active,u1_0.first_name,u1_0.last_name,u1_0.password,u1_0.username from trainee t1_0 left join users u1_0 on u1_0.id=t1_0.id left join trainer_trainee at1_0 on t1_0.id=at1_0.trainee_id left join trainer at1_1 on at1_1.id=at1_0.trainer_id left join users u2_0 on u2_0.id=at1_1.id left join training_type s1_0 on s1_0.id=at1_1.specialization_id where lower(u1_0.username)=?
2025-10-19 10:02:28 [Test worker] DEBUG org.hibernate.SQL - [tx:49d65e6a-ad78-4a68-afd7-def4cc8ad032] select t1_0.id,t1_0.trainee_id,t1_0.trainer_id,t1_0.training_date,t1_0.training_duration,t1_0.training_name,t1_0.training_type_id from training t1_0 join trainee t2_0 on t2_0.id=t1_0.trainee_id join users u1_0 on u1_0.id=t2_0.id where lower(u1_0.username)=?
2025-10-19 10:02:28 [Test worker] DEBUG org.hibernate.SQL - [tx:] select tt1_0.id,tt1_0.training_type_name from training_type tt1_0 where tt1_0.training_type_name=?
2025-10-19 10:02:28 [Test worker] DEBUG org.hibernate.SQL - [tx:] select u1_0.id,u1_0.is_active,u1_0.first_name,u1_0.last_name,u1_0.password,u1_0.username from users u1_0
2025-10-19 10:02:28 [Test worker] DEBUG org.hibernate.SQL - [tx:] select t1_0.id,t1_0.address,t1_0.date_of_birth from trainee t1_0
2025-10-19 10:02:28 [Test worker] DEBUG org.hibernate.SQL - [tx:] select t1_0.id,t1_0.specialization_id from trainer t1_0
2025-10-19 10:02:28 [Test worker] DEBUG org.hibernate.SQL - [tx:] select t1_0.id,t1_0.trainee_id,t1_0.trainer_id,t1_0.training_date,t1_0.training_duration,t1_0.training_name,t1_0.training_type_id from training t1_0
2025-10-19 10:02:28 [Test worker] DEBUG org.hibernate.SQL - [tx:e9192b7a-b379-49fe-bd56-9542186627ae] select t1_0.id,t1_0.address,t1_0.date_of_birth from trainee t1_0 join users u1_0 on u1_0.id=t1_0.id where lower(u1_0.first_name)=? and lower(u1_0.last_name)=?
2025-10-19 10:02:28 [Test worker] DEBUG org.hibernate.SQL - [tx:e9192b7a-b379-49fe-bd56-9542186627ae] select t1_0.id,t1_0.specialization_id from trainer t1_0 join users u1_0 on u1_0.id=t1_0.id where lower(u1_0.first_name)=? and lower(u1_0.last_name)=?
2025-10-19 10:02:28 [Test worker] DEBUG org.hibernate.SQL - [tx:e9192b7a-b379-49fe-bd56-9542186627ae] select u1_0.id,u1_0.is_active,u1_0.first_name,u1_0.last_name,u1_0.password,u1_0.username from users u1_0
2025-10-19 10:02:28 [Test worker] DEBUG org.hibernate.SQL - [tx:e2f71af3-f92a-4cf0-9d5f-61b1e661bcec] insert into training_type (training_type_name,id) values (?,?)
2025-10-19 10:02:28 [Test worker] DEBUG org.hibernate.SQL - [tx:e2f71af3-f92a-4cf0-9d5f-61b1e661bcec] insert into users (is_active,first_name,last_name,password,username,id) values (?,?,?,?,?,?)
2025-10-19 10:02:28 [Test worker] DEBUG org.hibernate.SQL - [tx:e2f71af3-f92a-4cf0-9d5f-61b1e661bcec] insert into trainee (address,date_of_birth,id) values (?,?,?)
2025-10-19 10:02:28 [Test worker] DEBUG org.hibernate.SQL - [tx:e2f71af3-f92a-4cf0-9d5f-61b1e661bcec] select u1_0.id,u1_0.is_active,u1_0.first_name,u1_0.last_name,u1_0.password,u1_0.username from users u1_0 where lower(u1_0.username)=?
2025-10-19 10:02:28 [Test worker] DEBUG org.hibernate.SQL - [tx:33fc6059-bc60-4524-b0f3-3a17adea348c] select t1_0.id,t1_0.address,t1_0.date_of_birth from trainee t1_0 join users u1_0 on u1_0.id=t1_0.id where lower(u1_0.first_name)=? and lower(u1_0.last_name)=?
2025-10-19 10:02:28 [Test worker] DEBUG org.hibernate.SQL - [tx:33fc6059-bc60-4524-b0f3-3a17adea348c] select t1_0.id,t1_0.specialization_id from trainer t1_0 join users u1_0 on u1_0.id=t1_0.id where lower(u1_0.first_name)=? and lower(u1_0.last_name)=?
2025-10-19 10:02:28 [Test worker] DEBUG org.hibernate.SQL - [tx:33fc6059-bc60-4524-b0f3-3a17adea348c] select tt1_0.id,tt1_0.training_type_name from training_type tt1_0 where tt1_0.training_type_name=?
2025-10-19 10:02:28 [Test worker] DEBUG org.hibernate.SQL - [tx:33fc6059-bc60-4524-b0f3-3a17adea348c] select u1_0.id,u1_0.is_active,u1_0.first_name,u1_0.last_name,u1_0.password,u1_0.username from users u1_0
2025-10-19 10:02:28 [Test worker] DEBUG org.hibernate.SQL - [tx:9b38b0fb-48e0-4378-8f11-dcc5f2612171] insert into users (is_active,first_name,last_name,password,username,id) values (?,?,?,?,?,?)
2025-10-19 10:02:28 [Test worker] DEBUG org.hibernate.SQL - [tx:9b38b0fb-48e0-4378-8f11-dcc5f2612171] insert into trainer (specialization_id,id) values (?,?)
2025-10-19 10:02:28 [Test worker] DEBUG org.hibernate.SQL - [tx:9b38b0fb-48e0-4378-8f11-dcc5f2612171] select u1_0.id,u1_0.is_active,u1_0.first_name,u1_0.last_name,u1_0.password,u1_0.username from users u1_0 where lower(u1_0.username)=?
2025-10-19 10:02:28 [Test worker] DEBUG org.hibernate.SQL - [tx:] select tt1_0.id,tt1_0.training_type_name from training_type tt1_0 where tt1_0.training_type_name=?
2025-10-19 10:02:28 [Test worker] DEBUG org.hibernate.SQL - [tx:] select u1_0.id,u1_0.is_active,u1_0.first_name,u1_0.last_name,u1_0.password,u1_0.username from users u1_0
2025-10-19 10:02:28 [Test worker] DEBUG org.hibernate.SQL - [tx:] select t1_0.id,t1_0.address,t1_0.date_of_birth from trainee t1_0
2025-10-19 10:02:28 [Test worker] DEBUG org.hibernate.SQL - [tx:] select t1_0.id,t1_0.specialization_id from trainer t1_0
2025-10-19 10:02:28 [Test worker] DEBUG org.hibernate.SQL - [tx:] select t1_0.id,t1_0.trainee_id,t1_0.trainer_id,t1_0.training_date,t1_0.training_duration,t1_0.training_name,t1_0.training_type_id from training t1_0
2025-10-19 10:02:28 [Test worker] DEBUG org.hibernate.SQL - [tx:d7acf8bf-1e54-4c06-98d9-c502f75987ad] select t1_0.id,t1_0.address,t1_0.date_of_birth from trainee t1_0 join users u1_0 on u1_0.id=t1_0.id where lower(u1_0.first_name)=? and lower(u1_0.last_name)=?
2025-10-19 10:02:28 [Test worker] DEBUG org.hibernate.SQL - [tx:d7acf8bf-1e54-4c06-98d9-c502f75987ad] select t1_0.id,t1_0.specialization_id from trainer t1_0 join users u1_0 on u1_0.id=t1_0.id where lower(u1_0.first_name)=? and lower(u1_0.last_name)=?
2025-10-19 10:02:28 [Test worker] DEBUG org.hibernate.SQL - [tx:d7acf8bf-1e54-4c06-98d9-c502f75987ad] select u1_0.id,u1_0.is_active,u1_0.first_name,u1_0.last_name,u1_0.password,u1_0.username from users u1_0
2025-10-19 10:02:28 [Test worker] DEBUG org.hibernate.SQL - [tx:5edb1485-311e-4c49-b9b6-f82abd29ffd8] insert into training_type (training_type_name,id) values (?,?)
2025-10-19 10:02:28 [Test worker] DEBUG org.hibernate.SQL - [tx:5edb1485-311e-4c49-b9b6-f82abd29ffd8] insert into users (is_active,first_name,last_name,password,username,id) values (?,?,?,?,?,?)
2025-10-19 10:02:28 [Test worker] DEBUG org.hibernate.SQL - [tx:5edb1485-311e-4c49-b9b6-f82abd29ffd8] insert into trainee (address,date_of_birth,id) values (?,?,?)
2025-10-19 10:02:28 [Test worker] DEBUG org.hibernate.SQL - [tx:5edb1485-311e-4c49-b9b6-f82abd29ffd8] select u1_0.id,u1_0.is_active,u1_0.first_name,u1_0.last_name,u1_0.password,u1_0.username from users u1_0 where lower(u1_0.username)=?
2025-10-19 10:02:29 [Test worker] DEBUG org.hibernate.SQL - [tx:bd14b555-a570-423c-96a0-b03816d653d5] select t1_0.id,t1_0.address,t1_0.date_of_birth from trainee t1_0 join users u1_0 on u1_0.id=t1_0.id where lower(u1_0.first_name)=? and lower(u1_0.last_name)=?
2025-10-19 10:02:29 [Test worker] DEBUG org.hibernate.SQL - [tx:bd14b555-a570-423c-96a0-b03816d653d5] select t1_0.id,t1_0.specialization_id from trainer t1_0 join users u1_0 on u1_0.id=t1_0.id where lower(u1_0.first_name)=? and lower(u1_0.last_name)=?
2025-10-19 10:02:29 [Test worker] DEBUG org.hibernate.SQL - [tx:bd14b555-a570-423c-96a0-b03816d653d5] select tt1_0.id,tt1_0.training_type_name from training_type tt1_0 where tt1_0.training_type_name=?
2025-10-19 10:02:29 [Test worker] DEBUG org.hibernate.SQL - [tx:bd14b555-a570-423c-96a0-b03816d653d5] select u1_0.id,u1_0.is_active,u1_0.first_name,u1_0.last_name,u1_0.password,u1_0.username from users u1_0
2025-10-19 10:02:29 [Test worker] DEBUG org.hibernate.SQL - [tx:082be783-4ee7-4beb-8ed9-7d55c11536c9] insert into users (is_active,first_name,last_name,password,username,id) values (?,?,?,?,?,?)
2025-10-19 10:02:29 [Test worker] DEBUG org.hibernate.SQL - [tx:082be783-4ee7-4beb-8ed9-7d55c11536c9] insert into trainer (specialization_id,id) values (?,?)
2025-10-19 10:02:29 [Test worker] DEBUG org.hibernate.SQL - [tx:082be783-4ee7-4beb-8ed9-7d55c11536c9] select u1_0.id,u1_0.is_active,u1_0.first_name,u1_0.last_name,u1_0.password,u1_0.username from users u1_0 where lower(u1_0.username)=?
2025-10-19 10:02:29 [Test worker] DEBUG org.hibernate.SQL - [tx:] select distinct t1_0.id,t1_0.address,at1_0.trainee_id,at1_1.id,at1_1.specialization_id,s1_0.id,s1_0.training_type_name,u2_0.id,u2_0.is_active,u2_0.first_name,u2_0.last_name,u2_0.password,u2_0.username,t1_0.date_of_birth,u1_0.id,u1_0.is_active,u1_0.first_name,u1_0.last_name,u1_0.password,u1_0.username from trainee t1_0 left join users u1_0 on u1_0.id=t1_0.id left join trainer_trainee at1_0 on t1_0.id=at1_0.trainee_id left join trainer at1_1 on at1_1.id=at1_0.trainer_id left join users u2_0 on u2_0.id=at1_1.id left join training_type s1_0 on s1_0.id=at1_1.specialization_id where lower(u1_0.username)=?
2025-10-19 10:02:29 [Test worker] DEBUG org.hibernate.SQL - [tx:] select tt1_0.id,tt1_0.training_type_name from training_type tt1_0 where tt1_0.training_type_name=?
2025-10-19 10:02:29 [Test worker] DEBUG org.hibernate.SQL - [tx:] select u1_0.id,u1_0.is_active,u1_0.first_name,u1_0.last_name,u1_0.password,u1_0.username from users u1_0
2025-10-19 10:02:29 [Test worker] DEBUG org.hibernate.SQL - [tx:] select t1_0.id,t1_0.address,t1_0.date_of_birth from trainee t1_0
2025-10-19 10:02:29 [Test worker] DEBUG org.hibernate.SQL - [tx:] select t1_0.id,t1_0.specialization_id from trainer t1_0
2025-10-19 10:02:29 [Test worker] DEBUG org.hibernate.SQL - [tx:] select t1_0.id,t1_0.trainee_id,t1_0.trainer_id,t1_0.training_date,t1_0.training_duration,t1_0.training_name,t1_0.training_type_id from training t1_0
2025-10-19 10:02:29 [Test worker] DEBUG org.hibernate.SQL - [tx:3f4f4bf7-61a6-4eb4-aa73-4e7f63f8f903] select t1_0.id,t1_0.address,t1_0.date_of_birth from trainee t1_0 join users u1_0 on u1_0.id=t1_0.id where lower(u1_0.first_name)=? and lower(u1_0.last_name)=?
2025-10-19 10:02:29 [Test worker] DEBUG org.hibernate.SQL - [tx:3f4f4bf7-61a6-4eb4-aa73-4e7f63f8f903] select t1_0.id,t1_0.specialization_id from trainer t1_0 join users u1_0 on u1_0.id=t1_0.id where lower(u1_0.first_name)=? and lower(u1_0.last_name)=?
2025-10-19 10:02:29 [Test worker] DEBUG org.hibernate.SQL - [tx:3f4f4bf7-61a6-4eb4-aa73-4e7f63f8f903] select u1_0.id,u1_0.is_active,u1_0.first_name,u1_0.last_name,u1_0.password,u1_0.username from users u1_0
2025-10-19 10:02:29 [Test worker] DEBUG org.hibernate.SQL - [tx:a95e3d2c-f683-4dd2-8d32-ca3cbca27c36] insert into training_type (training_type_name,id) values (?,?)
2025-10-19 10:02:29 [Test worker] DEBUG org.hibernate.SQL - [tx:a95e3d2c-f683-4dd2-8d32-ca3cbca27c36] insert into users (is_active,first_name,last_name,password,username,id) values (?,?,?,?,?,?)
2025-10-19 10:02:29 [Test worker] DEBUG org.hibernate.SQL - [tx:a95e3d2c-f683-4dd2-8d32-ca3cbca27c36] insert into trainee (address,date_of_birth,id) values (?,?,?)
2025-10-19 10:02:29 [Test worker] DEBUG org.hibernate.SQL - [tx:a95e3d2c-f683-4dd2-8d32-ca3cbca27c36] select u1_0.id,u1_0.is_active,u1_0.first_name,u1_0.last_name,u1_0.password,u1_0.username from users u1_0 where lower(u1_0.username)=?
2025-10-19 10:02:29 [Test worker] DEBUG org.hibernate.SQL - [tx:cdcb2ca7-0d26-4f8d-8d6b-a6267905734f] select t1_0.id,t1_0.address,t1_0.date_of_birth from trainee t1_0 join users u1_0 on u1_0.id=t1_0.id where lower(u1_0.first_name)=? and lower(u1_0.last_name)=?
2025-10-19 10:02:29 [Test worker] DEBUG org.hibernate.SQL - [tx:cdcb2ca7-0d26-4f8d-8d6b-a6267905734f] select t1_0.id,t1_0.specialization_id from trainer t1_0 join users u1_0 on u1_0.id=t1_0.id where lower(u1_0.first_name)=? and lower(u1_0.last_name)=?
2025-10-19 10:02:29 [Test worker] DEBUG org.hibernate.SQL - [tx:cdcb2ca7-0d26-4f8d-8d6b-a6267905734f] select tt1_0.id,tt1_0.training_type_name from training_type tt1_0 where tt1_0.training_type_name=?
2025-10-19 10:02:29 [Test worker] DEBUG org.hibernate.SQL - [tx:cdcb2ca7-0d26-4f8d-8d6b-a6267905734f] select u1_0.id,u1_0.is_active,u1_0.first_name,u1_0.last_name,u1_0.password,u1_0.username from users u1_0
2025-10-19 10:02:29 [Test worker] DEBUG org.hibernate.SQL - [tx:45ff06e1-df9f-425b-b854-47b0c6d5d6db] insert into users (is_active,first_name,last_name,password,username,id) values (?,?,?,?,?,?)
2025-10-19 10:02:29 [Test worker] DEBUG org.hibernate.SQL - [tx:45ff06e1-df9f-425b-b854-47b0c6d5d6db] insert into trainer (specialization_id,id) values (?,?)
2025-10-19 10:02:29 [Test worker] DEBUG org.hibernate.SQL - [tx:45ff06e1-df9f-425b-b854-47b0c6d5d6db] select u1_0.id,u1_0.is_active,u1_0.first_name,u1_0.last_name,u1_0.password,u1_0.username from users u1_0 where lower(u1_0.username)=?
2025-10-19 10:02:29 [Test worker] DEBUG org.hibernate.SQL - [tx:] select tt1_0.id,tt1_0.training_type_name from training_type tt1_0 where tt1_0.training_type_name=?
2025-10-19 10:02:29 [Test worker] DEBUG org.hibernate.SQL - [tx:] select u1_0.id,u1_0.is_active,u1_0.first_name,u1_0.last_name,u1_0.password,u1_0.username from users u1_0
2025-10-19 10:02:29 [Test worker] DEBUG org.hibernate.SQL - [tx:] select t1_0.id,t1_0.address,t1_0.date_of_birth from trainee t1_0
2025-10-19 10:02:29 [Test worker] DEBUG org.hibernate.SQL - [tx:] select t1_0.id,t1_0.specialization_id from trainer t1_0
2025-10-19 10:02:29 [Test worker] DEBUG org.hibernate.SQL - [tx:] select t1_0.id,t1_0.trainee_id,t1_0.trainer_id,t1_0.training_date,t1_0.training_duration,t1_0.training_name,t1_0.training_type_id from training t1_0
2025-10-19 10:02:29 [Test worker] DEBUG org.hibernate.SQL - [tx:a723965e-8223-4160-a8af-342db8fe3c3d] select t1_0.id,t1_0.address,t1_0.date_of_birth from trainee t1_0 join users u1_0 on u1_0.id=t1_0.id where lower(u1_0.first_name)=? and lower(u1_0.last_name)=?
2025-10-19 10:02:29 [Test worker] DEBUG org.hibernate.SQL - [tx:a723965e-8223-4160-a8af-342db8fe3c3d] select t1_0.id,t1_0.specialization_id from trainer t1_0 join users u1_0 on u1_0.id=t1_0.id where lower(u1_0.first_name)=? and lower(u1_0.last_name)=?
2025-10-19 10:02:29 [Test worker] DEBUG org.hibernate.SQL - [tx:a723965e-8223-4160-a8af-342db8fe3c3d] select u1_0.id,u1_0.is_active,u1_0.first_name,u1_0.last_name,u1_0.password,u1_0.username from users u1_0
2025-10-19 10:02:29 [Test worker] DEBUG org.hibernate.SQL - [tx:7a31b397-e9f6-4d09-b8e3-1bc5c7ac7dd6] insert into training_type (training_type_name,id) values (?,?)
2025-10-19 10:02:29 [Test worker] DEBUG org.hibernate.SQL - [tx:7a31b397-e9f6-4d09-b8e3-1bc5c7ac7dd6] insert into users (is_active,first_name,last_name,password,username,id) values (?,?,?,?,?,?)
2025-10-19 10:02:29 [Test worker] DEBUG org.hibernate.SQL - [tx:7a31b397-e9f6-4d09-b8e3-1bc5c7ac7dd6] insert into trainee (address,date_of_birth,id) values (?,?,?)
2025-10-19 10:02:29 [Test worker] DEBUG org.hibernate.SQL - [tx:7a31b397-e9f6-4d09-b8e3-1bc5c7ac7dd6] select u1_0.id,u1_0.is_active,u1_0.first_name,u1_0.last_name,u1_0.password,u1_0.username from users u1_0 where lower(u1_0.username)=?
2025-10-19 10:02:29 [Test worker] DEBUG org.hibernate.SQL - [tx:072dc609-c5eb-4a1d-9232-bc9db3212611] select t1_0.id,t1_0.address,t1_0.date_of_birth from trainee t1_0 join users u1_0 on u1_0.id=t1_0.id where lower(u1_0.first_name)=? and lower(u1_0.last_name)=?
2025-10-19 10:02:29 [Test worker] DEBUG org.hibernate.SQL - [tx:072dc609-c5eb-4a1d-9232-bc9db3212611] select t1_0.id,t1_0.specialization_id from trainer t1_0 join users u1_0 on u1_0.id=t1_0.id where lower(u1_0.first_name)=? and lower(u1_0.last_name)=?
2025-10-19 10:02:29 [Test worker] DEBUG org.hibernate.SQL - [tx:072dc609-c5eb-4a1d-9232-bc9db3212611] select tt1_0.id,tt1_0.training_type_name from training_type tt1_0 where tt1_0.training_type_name=?
2025-10-19 10:02:29 [Test worker] DEBUG org.hibernate.SQL - [tx:072dc609-c5eb-4a1d-9232-bc9db3212611] select u1_0.id,u1_0.is_active,u1_0.first_name,u1_0.last_name,u1_0.password,u1_0.username from users u1_0
2025-10-19 10:02:29 [Test worker] DEBUG org.hibernate.SQL - [tx:4d06261c-d3e1-4d26-af8e-44515a33aa46] insert into users (is_active,first_name,last_name,password,username,id) values (?,?,?,?,?,?)
2025-10-19 10:02:29 [Test worker] DEBUG org.hibernate.SQL - [tx:4d06261c-d3e1-4d26-af8e-44515a33aa46] insert into trainer (specialization_id,id) values (?,?)
2025-10-19 10:02:29 [Test worker] DEBUG org.hibernate.SQL - [tx:4d06261c-d3e1-4d26-af8e-44515a33aa46] select u1_0.id,u1_0.is_active,u1_0.first_name,u1_0.last_name,u1_0.password,u1_0.username from users u1_0 where lower(u1_0.username)=?
2025-10-19 10:02:29 [Test worker] DEBUG org.hibernate.SQL - [tx:] select distinct t1_0.id,t1_0.address,at1_0.trainee_id,at1_1.id,at1_1.specialization_id,s1_0.id,s1_0.training_type_name,u2_0.id,u2_0.is_active,u2_0.first_name,u2_0.last_name,u2_0.password,u2_0.username,t1_0.date_of_birth,u1_0.id,u1_0.is_active,u1_0.first_name,u1_0.last_name,u1_0.password,u1_0.username from trainee t1_0 left join users u1_0 on u1_0.id=t1_0.id left join trainer_trainee at1_0 on t1_0.id=at1_0.trainee_id left join trainer at1_1 on at1_1.id=at1_0.trainer_id left join users u2_0 on u2_0.id=at1_1.id left join training_type s1_0 on s1_0.id=at1_1.specialization_id where lower(u1_0.username)=?
2025-10-19 10:02:29 [Test worker] DEBUG org.hibernate.SQL - [tx:] select t1_0.id,t1_0.specialization_id from trainer t1_0 join users u1_0 on u1_0.id=t1_0.id where lower(u1_0.username)=?
2025-10-19 10:02:29 [Test worker] DEBUG org.hibernate.SQL - [tx:aee2e524-dce3-43fa-9ebc-db4ac37bf32a] select distinct t1_0.id,t1_0.address,at1_0.trainee_id,at1_1.id,at1_1.specialization_id,s1_0.id,s1_0.training_type_name,u2_0.id,u2_0.is_active,u2_0.first_name,u2_0.last_name,u2_0.password,u2_0.username,t1_0.date_of_birth,u1_0.id,u1_0.is_active,u1_0.first_name,u1_0.last_name,u1_0.password,u1_0.username from trainee t1_0 left join users u1_0 on u1_0.id=t1_0.id left join trainer_trainee at1_0 on t1_0.id=at1_0.trainee_id left join trainer at1_1 on at1_1.id=at1_0.trainer_id left join users u2_0 on u2_0.id=at1_1.id left join training_type s1_0 on s1_0.id=at1_1.specialization_id where lower(u1_0.username)=?
2025-10-19 10:02:30 [Test worker] DEBUG org.hibernate.SQL - [tx:aee2e524-dce3-43fa-9ebc-db4ac37bf32a] insert into training (trainee_id,trainer_id,training_date,training_duration,training_name,training_type_id,id) values (?,?,?,?,?,?,?)
2025-10-19 10:02:30 [Test worker] DEBUG org.hibernate.SQL - [tx:aee2e524-dce3-43fa-9ebc-db4ac37bf32a] select t1_0.id,t1_0.trainee_id,t1_0.trainer_id,t1_0.training_date,t1_0.training_duration,t1_0.training_name,t1_0.training_type_id from training t1_0 join trainee t2_0 on t2_0.id=t1_0.trainee_id join users u1_0 on u1_0.id=t2_0.id join trainer t3_0 on t3_0.id=t1_0.trainer_id join users u2_0 on u2_0.id=t3_0.id join training_type tt1_0 on tt1_0.id=t1_0.training_type_id where lower(u1_0.username)=? and t1_0.training_date>=? and t1_0.training_date<=? and (lower(u2_0.first_name) like ? escape '' or lower(u2_0.last_name) like ? escape '') and lower(tt1_0.training_type_name)=?
2025-10-19 10:02:30 [Test worker] DEBUG org.hibernate.SQL - [tx:] select tt1_0.id,tt1_0.training_type_name from training_type tt1_0 where tt1_0.training_type_name=?
2025-10-19 10:02:30 [Test worker] DEBUG org.hibernate.SQL - [tx:] select u1_0.id,u1_0.is_active,u1_0.first_name,u1_0.last_name,u1_0.password,u1_0.username from users u1_0
2025-10-19 10:02:30 [Test worker] DEBUG org.hibernate.SQL - [tx:] select t1_0.id,t1_0.address,t1_0.date_of_birth from trainee t1_0
2025-10-19 10:02:30 [Test worker] DEBUG org.hibernate.SQL - [tx:] select t1_0.id,t1_0.specialization_id from trainer t1_0
2025-10-19 10:02:30 [Test worker] DEBUG org.hibernate.SQL - [tx:] select t1_0.id,t1_0.trainee_id,t1_0.trainer_id,t1_0.training_date,t1_0.training_duration,t1_0.training_name,t1_0.training_type_id from training t1_0
2025-10-19 10:02:30 [Test worker] DEBUG org.hibernate.SQL - [tx:2405e1ef-4353-4436-96ef-302962f48ad0] select t1_0.id,t1_0.address,t1_0.date_of_birth from trainee t1_0 join users u1_0 on u1_0.id=t1_0.id where lower(u1_0.first_name)=? and lower(u1_0.last_name)=?
2025-10-19 10:02:30 [Test worker] DEBUG org.hibernate.SQL - [tx:2405e1ef-4353-4436-96ef-302962f48ad0] select t1_0.id,t1_0.specialization_id from trainer t1_0 join users u1_0 on u1_0.id=t1_0.id where lower(u1_0.first_name)=? and lower(u1_0.last_name)=?
2025-10-19 10:02:30 [Test worker] DEBUG org.hibernate.SQL - [tx:2405e1ef-4353-4436-96ef-302962f48ad0] select u1_0.id,u1_0.is_active,u1_0.first_name,u1_0.last_name,u1_0.password,u1_0.username from users u1_0
2025-10-19 10:02:30 [Test worker] DEBUG org.hibernate.SQL - [tx:f36910db-022d-40a5-aa1c-62b99628e59a] insert into training_type (training_type_name,id) values (?,?)
2025-10-19 10:02:30 [Test worker] DEBUG org.hibernate.SQL - [tx:f36910db-022d-40a5-aa1c-62b99628e59a] insert into users (is_active,first_name,last_name,password,username,id) values (?,?,?,?,?,?)
2025-10-19 10:02:30 [Test worker] DEBUG org.hibernate.SQL - [tx:f36910db-022d-40a5-aa1c-62b99628e59a] insert into trainee (address,date_of_birth,id) values (?,?,?)
2025-10-19 10:02:30 [Test worker] DEBUG org.hibernate.SQL - [tx:f36910db-022d-40a5-aa1c-62b99628e59a] select u1_0.id,u1_0.is_active,u1_0.first_name,u1_0.last_name,u1_0.password,u1_0.username from users u1_0 where lower(u1_0.username)=?
2025-10-19 10:02:30 [Test worker] DEBUG org.hibernate.SQL - [tx:fb010600-d6b7-45be-bb91-b1758b68ed8d] select t1_0.id,t1_0.address,t1_0.date_of_birth from trainee t1_0 join users u1_0 on u1_0.id=t1_0.id where lower(u1_0.first_name)=? and lower(u1_0.last_name)=?
2025-10-19 10:02:30 [Test worker] DEBUG org.hibernate.SQL - [tx:fb010600-d6b7-45be-bb91-b1758b68ed8d] select t1_0.id,t1_0.specialization_id from trainer t1_0 join users u1_0 on u1_0.id=t1_0.id where lower(u1_0.first_name)=? and lower(u1_0.last_name)=?
2025-10-19 10:02:30 [Test worker] DEBUG org.hibernate.SQL - [tx:fb010600-d6b7-45be-bb91-b1758b68ed8d] select tt1_0.id,tt1_0.training_type_name from training_type tt1_0 where tt1_0.training_type_name=?
2025-10-19 10:02:30 [Test worker] DEBUG org.hibernate.SQL - [tx:fb010600-d6b7-45be-bb91-b1758b68ed8d] select u1_0.id,u1_0.is_active,u1_0.first_name,u1_0.last_name,u1_0.password,u1_0.username from users u1_0
2025-10-19 10:02:30 [Test worker] DEBUG org.hibernate.SQL - [tx:8d011746-e385-462e-a033-c06726738f9c] insert into users (is_active,first_name,last_name,password,username,id) values (?,?,?,?,?,?)
2025-10-19 10:02:30 [Test worker] DEBUG org.hibernate.SQL - [tx:8d011746-e385-462e-a033-c06726738f9c] insert into trainer (specialization_id,id) values (?,?)
2025-10-19 10:02:30 [Test worker] DEBUG org.hibernate.SQL - [tx:8d011746-e385-462e-a033-c06726738f9c] select u1_0.id,u1_0.is_active,u1_0.first_name,u1_0.last_name,u1_0.password,u1_0.username from users u1_0 where lower(u1_0.username)=?
2025-10-19 10:02:30 [Test worker] DEBUG org.hibernate.SQL - [tx:beb2599f-ed01-4aed-b0b2-77474d132644] select distinct t1_0.id,t1_0.address,at1_0.trainee_id,at1_1.id,at1_1.specialization_id,s1_0.id,s1_0.training_type_name,u2_0.id,u2_0.is_active,u2_0.first_name,u2_0.last_name,u2_0.password,u2_0.username,t1_0.date_of_birth,u1_0.id,u1_0.is_active,u1_0.first_name,u1_0.last_name,u1_0.password,u1_0.username from trainee t1_0 left join users u1_0 on u1_0.id=t1_0.id left join trainer_trainee at1_0 on t1_0.id=at1_0.trainee_id left join trainer at1_1 on at1_1.id=at1_0.trainer_id left join users u2_0 on u2_0.id=at1_1.id left join training_type s1_0 on s1_0.id=at1_1.specialization_id where lower(u1_0.username)=?
2025-10-19 10:02:30 [Test worker] DEBUG org.hibernate.SQL - [tx:] select tt1_0.id,tt1_0.training_type_name from training_type tt1_0 where tt1_0.training_type_name=?
2025-10-19 10:02:30 [Test worker] DEBUG org.hibernate.SQL - [tx:] select u1_0.id,u1_0.is_active,u1_0.first_name,u1_0.last_name,u1_0.password,u1_0.username from users u1_0
2025-10-19 10:02:30 [Test worker] DEBUG org.hibernate.SQL - [tx:] select t1_0.id,t1_0.address,t1_0.date_of_birth from trainee t1_0
2025-10-19 10:02:30 [Test worker] DEBUG org.hibernate.SQL - [tx:] select t1_0.id,t1_0.specialization_id from trainer t1_0
2025-10-19 10:02:30 [Test worker] DEBUG org.hibernate.SQL - [tx:] select t1_0.id,t1_0.trainee_id,t1_0.trainer_id,t1_0.training_date,t1_0.training_duration,t1_0.training_name,t1_0.training_type_id from training t1_0
2025-10-19 10:02:30 [Test worker] DEBUG org.hibernate.SQL - [tx:52e68c8e-4a69-4be3-88f5-28b12ad2f3c0] select t1_0.id,t1_0.address,t1_0.date_of_birth from trainee t1_0 join users u1_0 on u1_0.id=t1_0.id where lower(u1_0.first_name)=? and lower(u1_0.last_name)=?
2025-10-19 10:02:30 [Test worker] DEBUG org.hibernate.SQL - [tx:52e68c8e-4a69-4be3-88f5-28b12ad2f3c0] select t1_0.id,t1_0.specialization_id from trainer t1_0 join users u1_0 on u1_0.id=t1_0.id where lower(u1_0.first_name)=? and lower(u1_0.last_name)=?
2025-10-19 10:02:30 [Test worker] DEBUG org.hibernate.SQL - [tx:52e68c8e-4a69-4be3-88f5-28b12ad2f3c0] select u1_0.id,u1_0.is_active,u1_0.first_name,u1_0.last_name,u1_0.password,u1_0.username from users u1_0
2025-10-19 10:02:30 [Test worker] DEBUG org.hibernate.SQL - [tx:f4a76dee-125b-4b1d-a7f9-63211f8cbcbf] insert into training_type (training_type_name,id) values (?,?)
2025-10-19 10:02:30 [Test worker] DEBUG org.hibernate.SQL - [tx:f4a76dee-125b-4b1d-a7f9-63211f8cbcbf] insert into users (is_active,first_name,last_name,password,username,id) values (?,?,?,?,?,?)
2025-10-19 10:02:30 [Test worker] DEBUG org.hibernate.SQL - [tx:f4a76dee-125b-4b1d-a7f9-63211f8cbcbf] insert into trainee (address,date_of_birth,id) values (?,?,?)
2025-10-19 10:02:30 [Test worker] DEBUG org.hibernate.SQL - [tx:f4a76dee-125b-4b1d-a7f9-63211f8cbcbf] select u1_0.id,u1_0.is_active,u1_0.first_name,u1_0.last_name,u1_0.password,u1_0.username from users u1_0 where lower(u1_0.username)=?
2025-10-19 10:02:30 [Test worker] DEBUG org.hibernate.SQL - [tx:0bc49ba2-2dc2-4f39-bbbc-8c390b97d9cf] select t1_0.id,t1_0.address,t1_0.date_of_birth from trainee t1_0 join users u1_0 on u1_0.id=t1_0.id where lower(u1_0.first_name)=? and lower(u1_0.last_name)=?
2025-10-19 10:02:30 [Test worker] DEBUG org.hibernate.SQL - [tx:0bc49ba2-2dc2-4f39-bbbc-8c390b97d9cf] select t1_0.id,t1_0.specialization_id from trainer t1_0 join users u1_0 on u1_0.id=t1_0.id where lower(u1_0.first_name)=? and lower(u1_0.last_name)=?
2025-10-19 10:02:30 [Test worker] DEBUG org.hibernate.SQL - [tx:0bc49ba2-2dc2-4f39-bbbc-8c390b97d9cf] select tt1_0.id,tt1_0.training_type_name from training_type tt1_0 where tt1_0.training_type_name=?
2025-10-19 10:02:30 [Test worker] DEBUG org.hibernate.SQL - [tx:0bc49ba2-2dc2-4f39-bbbc-8c390b97d9cf] select u1_0.id,u1_0.is_active,u1_0.first_name,u1_0.last_name,u1_0.password,u1_0.username from users u1_0
2025-10-19 10:02:30 [Test worker] DEBUG org.hibernate.SQL - [tx:a6eb0690-cfa2-46dd-8f4c-c809b3d435eb] insert into users (is_active,first_name,last_name,password,username,id) values (?,?,?,?,?,?)
2025-10-19 10:02:30 [Test worker] DEBUG org.hibernate.SQL - [tx:a6eb0690-cfa2-46dd-8f4c-c809b3d435eb] insert into trainer (specialization_id,id) values (?,?)
2025-10-19 10:02:30 [Test worker] DEBUG org.hibernate.SQL - [tx:a6eb0690-cfa2-46dd-8f4c-c809b3d435eb] select u1_0.id,u1_0.is_active,u1_0.first_name,u1_0.last_name,u1_0.password,u1_0.username from users u1_0 where lower(u1_0.username)=?
2025-10-19 10:02:30 [Test worker] DEBUG org.hibernate.SQL - [tx:70f1cddd-b256-4ee4-89ee-6c1a5a167246] select distinct t1_0.id,t1_0.address,at1_0.trainee_id,at1_1.id,at1_1.specialization_id,s1_0.id,s1_0.training_type_name,u2_0.id,u2_0.is_active,u2_0.first_name,u2_0.last_name,u2_0.password,u2_0.username,t1_0.date_of_birth,u1_0.id,u1_0.is_active,u1_0.first_name,u1_0.last_name,u1_0.password,u1_0.username from trainee t1_0 left join users u1_0 on u1_0.id=t1_0.id left join trainer_trainee at1_0 on t1_0.id=at1_0.trainee_id left join trainer at1_1 on at1_1.id=at1_0.trainer_id left join users u2_0 on u2_0.id=at1_1.id left join training_type s1_0 on s1_0.id=at1_1.specialization_id where lower(u1_0.username)=?
2025-10-19 10:02:30 [Test worker] DEBUG org.hibernate.SQL - [tx:] select distinct t1_0.id,t1_0.address,at1_0.trainee_id,at1_1.id,at1_1.specialization_id,s1_0.id,s1_0.training_type_name,u2_0.id,u2_0.is_active,u2_0.first_name,u2_0.last_name,u2_0.password,u2_0.username,t1_0.date_of_birth,u1_0.id,u1_0.is_active,u1_0.first_name,u1_0.last_name,u1_0.password,u1_0.username from trainee t1_0 left join users u1_0 on u1_0.id=t1_0.id left join trainer_trainee at1_0 on t1_0.id=at1_0.trainee_id left join trainer at1_1 on at1_1.id=at1_0.trainer_id left join users u2_0 on u2_0.id=at1_1.id left join training_type s1_0 on s1_0.id=at1_1.specialization_id where lower(u1_0.username)=?
2025-10-19 10:02:30 [Test worker] DEBUG org.hibernate.SQL - [tx:] select tt1_0.id,tt1_0.training_type_name from training_type tt1_0 where tt1_0.training_type_name=?
2025-10-19 10:02:30 [Test worker] DEBUG org.hibernate.SQL - [tx:] select u1_0.id,u1_0.is_active,u1_0.first_name,u1_0.last_name,u1_0.password,u1_0.username from users u1_0
2025-10-19 10:02:30 [Test worker] DEBUG org.hibernate.SQL - [tx:] select t1_0.id,t1_0.address,t1_0.date_of_birth from trainee t1_0
2025-10-19 10:02:30 [Test worker] DEBUG org.hibernate.SQL - [tx:] select t1_0.id,t1_0.specialization_id from trainer t1_0
2025-10-19 10:02:30 [Test worker] DEBUG org.hibernate.SQL - [tx:] select t1_0.id,t1_0.trainee_id,t1_0.trainer_id,t1_0.training_date,t1_0.training_duration,t1_0.training_name,t1_0.training_type_id from training t1_0
2025-10-19 10:02:30 [Test worker] DEBUG org.hibernate.SQL - [tx:a2b7e352-ce01-4ecf-8851-9e5a3198eca1] select t1_0.id,t1_0.address,t1_0.date_of_birth from trainee t1_0 join users u1_0 on u1_0.id=t1_0.id where lower(u1_0.first_name)=? and lower(u1_0.last_name)=?
2025-10-19 10:02:30 [Test worker] DEBUG org.hibernate.SQL - [tx:a2b7e352-ce01-4ecf-8851-9e5a3198eca1] select t1_0.id,t1_0.specialization_id from trainer t1_0 join users u1_0 on u1_0.id=t1_0.id where lower(u1_0.first_name)=? and lower(u1_0.last_name)=?
2025-10-19 10:02:30 [Test worker] DEBUG org.hibernate.SQL - [tx:a2b7e352-ce01-4ecf-8851-9e5a3198eca1] select u1_0.id,u1_0.is_active,u1_0.first_name,u1_0.last_name,u1_0.password,u1_0.username from users u1_0
2025-10-19 10:02:31 [Test worker] DEBUG org.hibernate.SQL - [tx:a4e1976a-5aba-4634-84d3-6e0a25d25d3b] insert into training_type (training_type_name,id) values (?,?)
2025-10-19 10:02:31 [Test worker] DEBUG org.hibernate.SQL - [tx:a4e1976a-5aba-4634-84d3-6e0a25d25d3b] insert into users (is_active,first_name,last_name,password,username,id) values (?,?,?,?,?,?)
2025-10-19 10:02:31 [Test worker] DEBUG org.hibernate.SQL - [tx:a4e1976a-5aba-4634-84d3-6e0a25d25d3b] insert into trainee (address,date_of_birth,id) values (?,?,?)
2025-10-19 10:02:31 [Test worker] DEBUG org.hibernate.SQL - [tx:a4e1976a-5aba-4634-84d3-6e0a25d25d3b] select u1_0.id,u1_0.is_active,u1_0.first_name,u1_0.last_name,u1_0.password,u1_0.username from users u1_0 where lower(u1_0.username)=?
2025-10-19 10:02:31 [Test worker] DEBUG org.hibernate.SQL - [tx:2deab9e6-f773-485c-9745-8f34ed1698cd] select t1_0.id,t1_0.address,t1_0.date_of_birth from trainee t1_0 join users u1_0 on u1_0.id=t1_0.id where lower(u1_0.first_name)=? and lower(u1_0.last_name)=?
2025-10-19 10:02:31 [Test worker] DEBUG org.hibernate.SQL - [tx:2deab9e6-f773-485c-9745-8f34ed1698cd] select t1_0.id,t1_0.specialization_id from trainer t1_0 join users u1_0 on u1_0.id=t1_0.id where lower(u1_0.first_name)=? and lower(u1_0.last_name)=?
2025-10-19 10:02:31 [Test worker] DEBUG org.hibernate.SQL - [tx:2deab9e6-f773-485c-9745-8f34ed1698cd] select tt1_0.id,tt1_0.training_type_name from training_type tt1_0 where tt1_0.training_type_name=?
2025-10-19 10:02:31 [Test worker] DEBUG org.hibernate.SQL - [tx:2deab9e6-f773-485c-9745-8f34ed1698cd] select u1_0.id,u1_0.is_active,u1_0.first_name,u1_0.last_name,u1_0.password,u1_0.username from users u1_0
2025-10-19 10:02:31 [Test worker] DEBUG org.hibernate.SQL - [tx:252dde6b-5caa-486f-b8eb-7607f857e36a] insert into users (is_active,first_name,last_name,password,username,id) values (?,?,?,?,?,?)
2025-10-19 10:02:31 [Test worker] DEBUG org.hibernate.SQL - [tx:252dde6b-5caa-486f-b8eb-7607f857e36a] insert into trainer (specialization_id,id) values (?,?)
2025-10-19 10:02:31 [Test worker] DEBUG org.hibernate.SQL - [tx:252dde6b-5caa-486f-b8eb-7607f857e36a] select u1_0.id,u1_0.is_active,u1_0.first_name,u1_0.last_name,u1_0.password,u1_0.username from users u1_0 where lower(u1_0.username)=?
2025-10-19 10:02:31 [Test worker] DEBUG org.hibernate.SQL - [tx:] select distinct t1_0.id,t1_0.address,at1_0.trainee_id,at1_1.id,at1_1.specialization_id,s1_0.id,s1_0.training_type_name,u2_0.id,u2_0.is_active,u2_0.first_name,u2_0.last_name,u2_0.password,u2_0.username,t1_0.date_of_birth,u1_0.id,u1_0.is_active,u1_0.first_name,u1_0.last_name,u1_0.password,u1_0.username from trainee t1_0 left join users u1_0 on u1_0.id=t1_0.id left join trainer_trainee at1_0 on t1_0.id=at1_0.trainee_id left join trainer at1_1 on at1_1.id=at1_0.trainer_id left join users u2_0 on u2_0.id=at1_1.id left join training_type s1_0 on s1_0.id=at1_1.specialization_id where lower(u1_0.username)=?
2025-10-19 10:02:31 [Test worker] DEBUG org.hibernate.SQL - [tx:] select t1_0.id,t1_0.specialization_id from trainer t1_0 join users u1_0 on u1_0.id=t1_0.id where lower(u1_0.username)=?
2025-10-19 10:02:31 [Test worker] DEBUG org.hibernate.SQL - [tx:fc957ed6-2e5a-42dc-ac15-0ba279085c5b] select distinct t1_0.id,t1_0.address,at1_0.trainee_id,at1_1.id,at1_1.specialization_id,s1_0.id,s1_0.training_type_name,u2_0.id,u2_0.is_active,u2_0.first_name,u2_0.last_name,u2_0.password,u2_0.username,t1_0.date_of_birth,u1_0.id,u1_0.is_active,u1_0.first_name,u1_0.last_name,u1_0.password,u1_0.username from trainee t1_0 left join users u1_0 on u1_0.id=t1_0.id left join trainer_trainee at1_0 on t1_0.id=at1_0.trainee_id left join trainer at1_1 on at1_1.id=at1_0.trainer_id left join users u2_0 on u2_0.id=at1_1.id left join training_type s1_0 on s1_0.id=at1_1.specialization_id where lower(u1_0.username)=?
2025-10-19 10:02:31 [Test worker] DEBUG org.hibernate.SQL - [tx:fc957ed6-2e5a-42dc-ac15-0ba279085c5b] insert into training (trainee_id,trainer_id,training_date,training_duration,training_name,training_type_id,id) values (?,?,?,?,?,?,?)
2025-10-19 10:02:31 [Test worker] DEBUG org.hibernate.SQL - [tx:fc957ed6-2e5a-42dc-ac15-0ba279085c5b] select t1_0.id,t1_0.trainee_id,t1_0.trainer_id,t1_0.training_date,t1_0.training_duration,t1_0.training_name,t1_0.training_type_id from training t1_0 join trainee t2_0 on t2_0.id=t1_0.trainee_id join users u1_0 on u1_0.id=t2_0.id where lower(u1_0.username)=?
2025-10-19 10:02:31 [Test worker] DEBUG org.hibernate.SQL - [tx:] select t1_0.id,t1_0.trainee_id,t1_0.trainer_id,t1_0.training_date,t1_0.training_duration,t1_0.training_name,t1_0.training_type_id from training t1_0 join trainee t2_0 on t2_0.id=t1_0.trainee_id join users u1_0 on u1_0.id=t2_0.id where lower(u1_0.username)=?
2025-10-19 10:02:31 [Test worker] DEBUG org.hibernate.SQL - [tx:] select tt1_0.id,tt1_0.training_type_name from training_type tt1_0 where tt1_0.training_type_name=?
2025-10-19 10:02:31 [Test worker] DEBUG org.hibernate.SQL - [tx:] select u1_0.id,u1_0.is_active,u1_0.first_name,u1_0.last_name,u1_0.password,u1_0.username from users u1_0
2025-10-19 10:02:31 [Test worker] DEBUG org.hibernate.SQL - [tx:] select t1_0.id,t1_0.address,t1_0.date_of_birth from trainee t1_0
2025-10-19 10:02:31 [Test worker] DEBUG org.hibernate.SQL - [tx:] select t1_0.id,t1_0.specialization_id from trainer t1_0
2025-10-19 10:02:31 [Test worker] DEBUG org.hibernate.SQL - [tx:] select t1_0.id,t1_0.trainee_id,t1_0.trainer_id,t1_0.training_date,t1_0.training_duration,t1_0.training_name,t1_0.training_type_id from training t1_0
2025-10-19 10:02:31 [Test worker] DEBUG org.hibernate.SQL - [tx:baf53368-a23e-47f6-aa1e-f36889f8610c] select t1_0.id,t1_0.address,t1_0.date_of_birth from trainee t1_0 join users u1_0 on u1_0.id=t1_0.id where lower(u1_0.first_name)=? and lower(u1_0.last_name)=?
2025-10-19 10:02:31 [Test worker] DEBUG org.hibernate.SQL - [tx:baf53368-a23e-47f6-aa1e-f36889f8610c] select t1_0.id,t1_0.specialization_id from trainer t1_0 join users u1_0 on u1_0.id=t1_0.id where lower(u1_0.first_name)=? and lower(u1_0.last_name)=?
2025-10-19 10:02:31 [Test worker] DEBUG org.hibernate.SQL - [tx:baf53368-a23e-47f6-aa1e-f36889f8610c] select u1_0.id,u1_0.is_active,u1_0.first_name,u1_0.last_name,u1_0.password,u1_0.username from users u1_0
2025-10-19 10:02:31 [Test worker] DEBUG org.hibernate.SQL - [tx:0caede7b-44af-4f12-9772-2308db5944e5] insert into training_type (training_type_name,id) values (?,?)
2025-10-19 10:02:31 [Test worker] DEBUG org.hibernate.SQL - [tx:0caede7b-44af-4f12-9772-2308db5944e5] insert into users (is_active,first_name,last_name,password,username,id) values (?,?,?,?,?,?)
2025-10-19 10:02:31 [Test worker] DEBUG org.hibernate.SQL - [tx:0caede7b-44af-4f12-9772-2308db5944e5] insert into trainee (address,date_of_birth,id) values (?,?,?)
2025-10-19 10:02:31 [Test worker] DEBUG org.hibernate.SQL - [tx:0caede7b-44af-4f12-9772-2308db5944e5] select u1_0.id,u1_0.is_active,u1_0.first_name,u1_0.last_name,u1_0.password,u1_0.username from users u1_0 where lower(u1_0.username)=?
2025-10-19 10:02:31 [Test worker] DEBUG org.hibernate.SQL - [tx:0a855455-3d92-449f-889a-7a3029b31ef6] select t1_0.id,t1_0.address,t1_0.date_of_birth from trainee t1_0 join users u1_0 on u1_0.id=t1_0.id where lower(u1_0.first_name)=? and lower(u1_0.last_name)=?
2025-10-19 10:02:31 [Test worker] DEBUG org.hibernate.SQL - [tx:0a855455-3d92-449f-889a-7a3029b31ef6] select t1_0.id,t1_0.specialization_id from trainer t1_0 join users u1_0 on u1_0.id=t1_0.id where lower(u1_0.first_name)=? and lower(u1_0.last_name)=?
2025-10-19 10:02:31 [Test worker] DEBUG org.hibernate.SQL - [tx:0a855455-3d92-449f-889a-7a3029b31ef6] select tt1_0.id,tt1_0.training_type_name from training_type tt1_0 where tt1_0.training_type_name=?
2025-10-19 10:02:31 [Test worker] DEBUG org.hibernate.SQL - [tx:0a855455-3d92-449f-889a-7a3029b31ef6] select u1_0.id,u1_0.is_active,u1_0.first_name,u1_0.last_name,u1_0.password,u1_0.username from users u1_0
2025-10-19 10:02:31 [Test worker] DEBUG org.hibernate.SQL - [tx:9b2b3ef0-619c-4123-8775-e9dd8d35607f] insert into users (is_active,first_name,last_name,password,username,id) values (?,?,?,?,?,?)
2025-10-19 10:02:31 [Test worker] DEBUG org.hibernate.SQL - [tx:9b2b3ef0-619c-4123-8775-e9dd8d35607f] insert into trainer (specialization_id,id) values (?,?)
2025-10-19 10:02:31 [Test worker] DEBUG org.hibernate.SQL - [tx:9b2b3ef0-619c-4123-8775-e9dd8d35607f] select u1_0.id,u1_0.is_active,u1_0.first_name,u1_0.last_name,u1_0.password,u1_0.username from users u1_0 where lower(u1_0.username)=?
2025-10-19 10:02:31 [Test worker] DEBUG org.hibernate.SQL - [tx:9c7e05b6-050a-4bd9-988b-d35a77cd4556] select distinct t1_0.id,t1_0.address,at1_0.trainee_id,at1_1.id,at1_1.specialization_id,s1_0.id,s1_0.training_type_name,u2_0.id,u2_0.is_active,u2_0.first_name,u2_0.last_name,u2_0.password,u2_0.username,t1_0.date_of_birth,u1_0.id,u1_0.is_active,u1_0.first_name,u1_0.last_name,u1_0.password,u1_0.username from trainee t1_0 left join users u1_0 on u1_0.id=t1_0.id left join trainer_trainee at1_0 on t1_0.id=at1_0.trainee_id left join trainer at1_1 on at1_1.id=at1_0.trainer_id left join users u2_0 on u2_0.id=at1_1.id left join training_type s1_0 on s1_0.id=at1_1.specialization_id where lower(u1_0.username)=?
2025-10-19 10:02:31 [Test worker] DEBUG org.hibernate.SQL - [tx:] delete from trainee where id=?
2025-10-19 10:02:31 [Test worker] DEBUG org.hibernate.SQL - [tx:] delete from users where id=?
2025-10-19 10:02:31 [Test worker] DEBUG org.hibernate.SQL - [tx:] select distinct t1_0.id,t1_0.address,at1_0.trainee_id,at1_1.id,at1_1.specialization_id,s1_0.id,s1_0.training_type_name,u2_0.id,u2_0.is_active,u2_0.first_name,u2_0.last_name,u2_0.password,u2_0.username,t1_0.date_of_birth,u1_0.id,u1_0.is_active,u1_0.first_name,u1_0.last_name,u1_0.password,u1_0.username from trainee t1_0 left join users u1_0 on u1_0.id=t1_0.id left join trainer_trainee at1_0 on t1_0.id=at1_0.trainee_id left join trainer at1_1 on at1_1.id=at1_0.trainer_id left join users u2_0 on u2_0.id=at1_1.id left join training_type s1_0 on s1_0.id=at1_1.specialization_id where lower(u1_0.username)=?
2025-10-19 10:02:31 [Test worker] DEBUG org.hibernate.SQL - [tx:] select u1_0.id,u1_0.is_active,u1_0.first_name,u1_0.last_name,u1_0.password,u1_0.username from users u1_0 where lower(u1_0.username)=?
2025-10-19 10:02:31 [Test worker] DEBUG org.hibernate.SQL - [tx:] select tt1_0.id,tt1_0.training_type_name from training_type tt1_0 where tt1_0.training_type_name=?
2025-10-19 10:02:31 [Test worker] DEBUG org.hibernate.SQL - [tx:] select u1_0.id,u1_0.is_active,u1_0.first_name,u1_0.last_name,u1_0.password,u1_0.username from users u1_0
2025-10-19 10:02:31 [Test worker] DEBUG org.hibernate.SQL - [tx:] select t1_0.id,t1_0.address,t1_0.date_of_birth from trainee t1_0
2025-10-19 10:02:31 [Test worker] DEBUG org.hibernate.SQL - [tx:] select t1_0.id,t1_0.specialization_id from trainer t1_0
2025-10-19 10:02:31 [Test worker] DEBUG org.hibernate.SQL - [tx:] select t1_0.id,t1_0.trainee_id,t1_0.trainer_id,t1_0.training_date,t1_0.training_duration,t1_0.training_name,t1_0.training_type_id from training t1_0
2025-10-19 10:02:31 [Test worker] DEBUG org.hibernate.SQL - [tx:c904dbd9-c59f-46a5-bdbf-a5768c07c988] select t1_0.id,t1_0.address,t1_0.date_of_birth from trainee t1_0 join users u1_0 on u1_0.id=t1_0.id where lower(u1_0.first_name)=? and lower(u1_0.last_name)=?
2025-10-19 10:02:31 [Test worker] DEBUG org.hibernate.SQL - [tx:c904dbd9-c59f-46a5-bdbf-a5768c07c988] select t1_0.id,t1_0.specialization_id from trainer t1_0 join users u1_0 on u1_0.id=t1_0.id where lower(u1_0.first_name)=? and lower(u1_0.last_name)=?
2025-10-19 10:02:31 [Test worker] DEBUG org.hibernate.SQL - [tx:c904dbd9-c59f-46a5-bdbf-a5768c07c988] select u1_0.id,u1_0.is_active,u1_0.first_name,u1_0.last_name,u1_0.password,u1_0.username from users u1_0
2025-10-19 10:02:31 [Test worker] DEBUG org.hibernate.SQL - [tx:bdcc14b9-fdee-4faa-87f5-7c22f7f64b7f] insert into training_type (training_type_name,id) values (?,?)
2025-10-19 10:02:31 [Test worker] DEBUG org.hibernate.SQL - [tx:bdcc14b9-fdee-4faa-87f5-7c22f7f64b7f] insert into users (is_active,first_name,last_name,password,username,id) values (?,?,?,?,?,?)
2025-10-19 10:02:31 [Test worker] DEBUG org.hibernate.SQL - [tx:bdcc14b9-fdee-4faa-87f5-7c22f7f64b7f] insert into trainee (address,date_of_birth,id) values (?,?,?)
2025-10-19 10:02:31 [Test worker] DEBUG org.hibernate.SQL - [tx:bdcc14b9-fdee-4faa-87f5-7c22f7f64b7f] select u1_0.id,u1_0.is_active,u1_0.first_name,u1_0.last_name,u1_0.password,u1_0.username from users u1_0 where lower(u1_0.username)=?
2025-10-19 10:02:31 [Test worker] DEBUG org.hibernate.SQL - [tx:05d72ea2-9f09-4456-bd80-a59ae09ec3a6] select t1_0.id,t1_0.address,t1_0.date_of_birth from trainee t1_0 join users u1_0 on u1_0.id=t1_0.id where lower(u1_0.first_name)=? and lower(u1_0.last_name)=?
2025-10-19 10:02:31 [Test worker] DEBUG org.hibernate.SQL - [tx:05d72ea2-9f09-4456-bd80-a59ae09ec3a6] select t1_0.id,t1_0.specialization_id from trainer t1_0 join users u1_0 on u1_0.id=t1_0.id where lower(u1_0.first_name)=? and lower(u1_0.last_name)=?
2025-10-19 10:02:31 [Test worker] DEBUG org.hibernate.SQL - [tx:05d72ea2-9f09-4456-bd80-a59ae09ec3a6] select tt1_0.id,tt1_0.training_type_name from training_type tt1_0 where tt1_0.training_type_name=?
2025-10-19 10:02:31 [Test worker] DEBUG org.hibernate.SQL - [tx:05d72ea2-9f09-4456-bd80-a59ae09ec3a6] select u1_0.id,u1_0.is_active,u1_0.first_name,u1_0.last_name,u1_0.password,u1_0.username from users u1_0
2025-10-19 10:02:32 [Test worker] DEBUG org.hibernate.SQL - [tx:924fdb57-18ff-4a57-83c9-47bb4f9682b2] insert into users (is_active,first_name,last_name,password,username,id) values (?,?,?,?,?,?)
2025-10-19 10:02:32 [Test worker] DEBUG org.hibernate.SQL - [tx:924fdb57-18ff-4a57-83c9-47bb4f9682b2] insert into trainer (specialization_id,id) values (?,?)
2025-10-19 10:02:32 [Test worker] DEBUG org.hibernate.SQL - [tx:924fdb57-18ff-4a57-83c9-47bb4f9682b2] select u1_0.id,u1_0.is_active,u1_0.first_name,u1_0.last_name,u1_0.password,u1_0.username from users u1_0 where lower(u1_0.username)=?
2025-10-19 10:02:32 [Test worker] DEBUG org.hibernate.SQL - [tx:] select distinct t1_0.id,t1_0.address,at1_0.trainee_id,at1_1.id,at1_1.specialization_id,s1_0.id,s1_0.training_type_name,u2_0.id,u2_0.is_active,u2_0.first_name,u2_0.last_name,u2_0.password,u2_0.username,t1_0.date_of_birth,u1_0.id,u1_0.is_active,u1_0.first_name,u1_0.last_name,u1_0.password,u1_0.username from trainee t1_0 left join users u1_0 on u1_0.id=t1_0.id left join trainer_trainee at1_0 on t1_0.id=at1_0.trainee_id left join trainer at1_1 on at1_1.id=at1_0.trainer_id left join users u2_0 on u2_0.id=at1_1.id left join training_type s1_0 on s1_0.id=at1_1.specialization_id where lower(u1_0.username)=?
]]></system-out>
  <system-err><![CDATA[]]></system-err>
</testsuite>
